# Agentic - Claude ACP - 47536bd4-7a8c-41dc-a7a3-83da580b4ebf
- 2026-02-13 21:40:03
--- --


## ï€‡ User - 2026-02-13 21:43:42

Database clauses: [
    cub :- cube(40, 90, 50).,
    main :- (cub - rotate(cub, 0, 30, 0)).,
]
Resolved terms: [(cube(40, 90, 50) - rotate(cub, 0, 30, 0))]
2026-02-13T12:39:05.133894Z ERROR cadhr::cadhr_lang_wrapper: Failed to generate mesh: 
Mesh error: Unknown primitive: cub


### ó±š  Agent - Claude ACP

I see the issue. The error shows that `rotate(cub, 0, 30, 0)` is passing `cub` (the clause name) instead of the resolved term `cube(40, 90, 50)`. The term rewriting isn't fully resolving nested references before passing to the manifold bridge.

Let me look at how term rewriting handles this case.

 read(cadhr-lang/src/term_rewrite.rs) 
Read 1426 lines


Now let me look at how `rewrite_term_recursive` handles the `rotate` functor - specifically when the first argument is a clause reference like `cub`.

 read(cadhr-lang/src/manifold_bridge.rs) 
Read 578 lines


Now I understand the issue. Looking at the resolved terms output:

```
Resolved terms: [(cube(40, 90, 50) - rotate(cub, 0, 30, 0))]
```

The problem is that when the term `(cub - rotate(cub, 0, 30, 0))` is being rewritten, the left side `cub` gets resolved to `cube(40, 90, 50)`, but the `rotate(cub, 0, 30, 0)` isn't getting its first argument `cub` resolved.

The issue is in the `rewrite_term_recursive` function. When processing an `InfixExpr`, it recursively rewrites both operands. But when it comes to the `rotate(cub, 0, 30, 0)` struct, the code checks if `rotate` is a builtin functor (it is), so it returns it as-is without resolving the `cub` argument inside.

Let me check the `Term::Struct` case more carefully:

```rust
Term::Struct { functor, args } => {
    // ãƒ“ãƒ«ãƒˆã‚¤ãƒ³ãƒ•ã‚¡ãƒ³ã‚¯ã‚¿ãƒ¼ã®å ´åˆã¯ãã®ã¾ã¾è¿”ã™
    if is_builtin_functor(&functor) {
        return Ok(vec![Term::Struct { functor, args }]);
    }
    ...
}
```

This is the bug! When a builtin functor is encountered, it returns the struct as-is without recursively resolving its arguments. The arguments inside `rotate(cub, 0, 30, 0)` need to be resolved too.

 edit(cadhr-lang/src/term_rewrite.rs) 
```rust
            // ãƒ“ãƒ«ãƒˆã‚¤ãƒ³ãƒ•ã‚¡ãƒ³ã‚¯ã‚¿ãƒ¼ã®å ´åˆã¯ãã®ã¾ã¾è¿”ã™
            // ãƒ“ãƒ«ãƒˆã‚¤ãƒ³ãƒ•ã‚¡ãƒ³ã‚¯ã‚¿ãƒ¼ã®å ´åˆã€å¼•æ•°ã‚’å†å¸°çš„ã«è§£æ±ºã—ã¦ã‹ã‚‰è¿”ã™
                return Ok(vec![Term::Struct { functor, args }]);
                let mut resolved_args = Vec::with_capacity(args.len());
                for arg in args {
                    let resolved = rewrite_term_recursive(db, clause_counter, arg, other_goals)?;
                    if resolved.len() != 1 {
                        return Err(RewriteError {
                            message: "Struct argument resolved to multiple terms".to_string(),
                            goal: Term::Struct { functor, args: resolved_args },
                        });
                    }
                    resolved_args.push(resolved.into_iter().next().unwrap());
                }
                return Ok(vec![Term::Struct { functor, args: resolved_args }]);
```


Now let me run the tests to make sure the fix works and doesn't break existing functionality:

 execute(cargo test -p cadhr-lang 2>&1) 
```
Exit code 101
open terminal failed: not a terminal
open terminal failed: not a terminal

warning: profiles for the non root package will be ignored, specify profiles at the workspace root:
package:   /Users/tsukimizake/daccad/cadhr-lang/Cargo.toml
workspace: /Users/tsukimizake/daccad/Cargo.toml
   Compiling cadhr-lang v0.1.0 (/Users/tsukimizake/daccad/cadhr-lang)
warning: unused variable: `left`
  --> cadhr-lang/src/constraint.rs:40:23
   |
40 |             ArithEq { left, right } => {
   |                       ^^^^ help: try ignoring the field: `left: _`
   |
   = note: `#[warn(unused_variables)]` (part of `#[warn(unused)]`) on by default

warning: unused variable: `right`
  --> cadhr-lang/src/constraint.rs:40:29
   |
40 |             ArithEq { left, right } => {
   |                             ^^^^^ help: try ignoring the field: `right: _`

warning: associated function `extract_constraints` is never used
  --> cadhr-lang/src/constraint.rs:38:8
   |
29 | impl SolverState {
   | ---------------- associated function in this implementation
...
38 |     fn extract_constraints(eq: ArithEq) -> Vec<ArithConstraint> {
   |        ^^^^^^^^^^^^^^^^^^^
   |
   = note: `#[warn(dead_code)]` (part of `#[warn(unused)]`) on by default

warning: `cadhr-lang` (lib) generated 3 warnings (run `cargo fix --lib -p cadhr-lang` to apply 2 suggestions)
error: cannot find macro `info` in this scope
  --> cadhr-lang/src/main.rs:21:5
   |
21 |     info!("Execution result: {:?}", result);
   |     ^^^^

error: cannot find macro `info` in this scope
  --> cadhr-lang/src/main.rs:16:5
   |
16 |     info!("Query terms: {:?}", query_terms);
   |     ^^^^

error: cannot find macro `info` in this scope
  --> cadhr-lang/src/main.rs:15:5
   |
15 |     info!("Database clauses: {:#?}", db_clauses);
   |     ^^^^

error: could not compile `cadhr-lang` (bin "main" test) due to 3 previous errors
warning: build failed, waiting for other jobs to finish...
warning: `cadhr-lang` (lib test) generated 3 warnings (3 duplicates)
```


There are some pre-existing errors with `info!` macro. Let me run only the library tests:

 execute(cargo test -p cadhr-lang --lib 2>&1) 
```
Exit code 101
open terminal failed: not a terminal
open terminal failed: not a terminal

warning: profiles for the non root package will be ignored, specify profiles at the workspace root:
package:   /Users/tsukimizake/daccad/cadhr-lang/Cargo.toml
workspace: /Users/tsukimizake/daccad/Cargo.toml
warning: unused variable: `left`
  --> cadhr-lang/src/constraint.rs:40:23
   |
40 |             ArithEq { left, right } => {
   |                       ^^^^ help: try ignoring the field: `left: _`
   |
   = note: `#[warn(unused_variables)]` (part of `#[warn(unused)]`) on by default

warning: unused variable: `right`
  --> cadhr-lang/src/constraint.rs:40:29
   |
40 |             ArithEq { left, right } => {
   |                             ^^^^^ help: try ignoring the field: `right: _`

warning: associated function `extract_constraints` is never used
  --> cadhr-lang/src/constraint.rs:38:8
   |
29 | impl SolverState {
   | ---------------- associated function in this implementation
...
38 |     fn extract_constraints(eq: ArithEq) -> Vec<ArithConstraint> {
   |        ^^^^^^^^^^^^^^^^^^^
   |
   = note: `#[warn(dead_code)]` (part of `#[warn(unused)]`) on by default

warning: `cadhr-lang` (lib test) generated 3 warnings (run `cargo fix --lib -p cadhr-lang --tests` to apply 2 suggestions)
    Finished `test` profile [optimized + debuginfo] target(s) in 0.21s
     Running unittests src/lib.rs (target/debug/deps/cadhr_lang-bf096181759b23e1)

running 119 tests
test constraint::tests::test_arith_expr_from_term ... ok
test constraint::tests::test_arith_expr_operators ... ok
test constraint::tests::test_both_sides_constant_equal ... FAILED
test constraint::tests::test_contradiction ... FAILED
test constraint::tests::test_division_by_variable_unsolvable ... FAILED
test constraint::tests::test_division_simple ... FAILED
test constraint::tests::test_division_negative_divisor ... FAILED
test constraint::tests::test_division_with_offset ... FAILED
test constraint::tests::test_linear_complex_expression ... FAILED
test constraint::tests::test_linear_multiplication ... FAILED
test constraint::tests::test_linear_nested_expression ... FAILED
test constraint::tests::test_linear_negative_result ... FAILED
test constraint::tests::test_linear_simple_subtraction ... FAILED
test constraint::tests::test_linear_simple_addition ... FAILED
test constraint::tests::test_linear_variable_on_right ... FAILED
test constraint::tests::test_no_integer_solution ... FAILED
test constraint::tests::test_solver_state_from_constraints ... FAILED
test constraint::tests::test_two_variables_unsolvable ... FAILED
test manifold_bridge::tests::test_cube_conversion ... ok
test manifold_bridge::tests::test_arity_mismatch ... ok
test manifold_bridge::tests::test_cylinder_default_segments ... ok
test manifold_bridge::tests::test_nested_csg ... ok
test manifold_bridge::tests::test_operator_difference ... ok
test manifold_bridge::tests::test_operator_division_error ... ok
test manifold_bridge::tests::test_operator_intersection ... ok
test manifold_bridge::tests::test_operator_nested ... ok
test manifold_bridge::tests::test_operator_union ... ok
test manifold_bridge::tests::test_sphere_default_segments ... ok
test manifold_bridge::tests::test_sphere_explicit_segments ... ok
test manifold_bridge::tests::test_translate_conversion ... ok
test manifold_bridge::tests::test_unbound_variable_error ... ok
test manifold_bridge::tests::test_union_conversion ... ok
test manifold_bridge::tests::test_unknown_primitive ... ok
test parse::tests::parse_fact ... ok
test parse::tests::parse_database ... ok
test parse::tests::parse_list ... ok
test parse::tests::parse_pipe_operator_chain ... ok
test parse::tests::parse_pipe_with_parentheses ... ok
test parse::tests::parse_pipe_without_parentheses ... ok
test parse::tests::parse_query_simple ... ok
test parse::tests::parse_range_var_both_bounds ... ok
test parse::tests::parse_range_var_in_rule ... ok
test parse::tests::parse_range_var_inclusive ... ok
test parse::tests::parse_range_var_left_only ... ok
test parse::tests::parse_range_var_right_only ... ok
test parse::tests::parse_rule ... ok
test parse::tests::test_atom ... ok
test parse::tests::test_struct ... ok
test term_rewrite::tests::db_var_matches_constant_query ... ok
test term_rewrite::tests::deep_struct_on_db ... ok
test term_rewrite::tests::arith_with_user_defined_rule ... FAILED
test term_rewrite::tests::arith_with_pipe_and_rule ... FAILED
test term_rewrite::tests::arith_with_chained_rules ... FAILED
test term_rewrite::tests::fail_unmatched ... ok
test term_rewrite::tests::deep_struct_on_query ... ok
test term_rewrite::tests::list_empty_match ... ok
test term_rewrite::tests::grandparent_rule ... ok
test term_rewrite::tests::list_head_tail_pattern ... ok
test term_rewrite::tests::list_mismatch ... ok
test term_rewrite::tests::list_simple_match ... ok
test term_rewrite::tests::list_var_binding ... ok
test term_rewrite::tests::member_first ... ok
test term_rewrite::tests::multiple_usag

... [3729 characters truncated] ...

` environment variable to display a backtrace

---- constraint::tests::test_contradiction stdout ----

thread 'constraint::tests::test_contradiction' (2067180) panicked at cadhr-lang/src/constraint.rs:31:58:
not yet implemented

---- constraint::tests::test_division_by_variable_unsolvable stdout ----

thread 'constraint::tests::test_division_by_variable_unsolvable' (2067181) panicked at cadhr-lang/src/constraint.rs:31:58:
not yet implemented

---- constraint::tests::test_division_simple stdout ----

thread 'constraint::tests::test_division_simple' (2067183) panicked at cadhr-lang/src/constraint.rs:31:58:
not yet implemented

---- constraint::tests::test_division_negative_divisor stdout ----

thread 'constraint::tests::test_division_negative_divisor' (2067182) panicked at cadhr-lang/src/constraint.rs:31:58:
not yet implemented

---- constraint::tests::test_division_with_offset stdout ----

thread 'constraint::tests::test_division_with_offset' (2067184) panicked at cadhr-lang/src/constraint.rs:31:58:
not yet implemented

---- constraint::tests::test_linear_complex_expression stdout ----

thread 'constraint::tests::test_linear_complex_expression' (2067185) panicked at cadhr-lang/src/constraint.rs:31:58:
not yet implemented

---- constraint::tests::test_linear_multiplication stdout ----

thread 'constraint::tests::test_linear_multiplication' (2067186) panicked at cadhr-lang/src/constraint.rs:31:58:
not yet implemented

---- constraint::tests::test_linear_nested_expression stdout ----

thread 'constraint::tests::test_linear_nested_expression' (2067188) panicked at cadhr-lang/src/constraint.rs:31:58:
not yet implemented

---- constraint::tests::test_linear_negative_result stdout ----

thread 'constraint::tests::test_linear_negative_result' (2067187) panicked at cadhr-lang/src/constraint.rs:31:58:
not yet implemented

---- constraint::tests::test_linear_simple_subtraction stdout ----

thread 'constraint::tests::test_linear_simple_subtraction' (2067190) panicked at cadhr-lang/src/constraint.rs:31:58:
not yet implemented

---- constraint::tests::test_linear_simple_addition stdout ----

thread 'constraint::tests::test_linear_simple_addition' (2067189) panicked at cadhr-lang/src/constraint.rs:31:58:
not yet implemented

---- constraint::tests::test_linear_variable_on_right stdout ----

thread 'constraint::tests::test_linear_variable_on_right' (2067191) panicked at cadhr-lang/src/constraint.rs:31:58:
not yet implemented

---- constraint::tests::test_no_integer_solution stdout ----

thread 'constraint::tests::test_no_integer_solution' (2067192) panicked at cadhr-lang/src/constraint.rs:31:58:
not yet implemented

---- constraint::tests::test_solver_state_from_constraints stdout ----

thread 'constraint::tests::test_solver_state_from_constraints' (2067193) panicked at cadhr-lang/src/constraint.rs:31:58:
not yet implemented

---- constraint::tests::test_two_variables_unsolvable stdout ----

thread 'constraint::tests::test_two_variables_unsolvable' (2067194) panicked at cadhr-lang/src/constraint.rs:31:58:
not yet implemented

---- term_rewrite::tests::arith_with_user_defined_rule stdout ----

thread 'term_rewrite::tests::arith_with_user_defined_rule' (2067227) panicked at cadhr-lang/src/term_rewrite.rs:753:44:
Expected success: RewriteError { message: "no clause matches goal", goal: 1 }

---- term_rewrite::tests::arith_with_pipe_and_rule stdout ----

thread 'term_rewrite::tests::arith_with_pipe_and_rule' (2067226) panicked at cadhr-lang/src/term_rewrite.rs:753:44:
Expected success: RewriteError { message: "no clause matches goal", goal: 1 }

---- term_rewrite::tests::arith_with_chained_rules stdout ----

thread 'term_rewrite::tests::arith_with_chained_rules' (2067225) panicked at cadhr-lang/src/term_rewrite.rs:753:44:
Expected success: RewriteError { message: "no clause matches goal", goal: 1 }


failures:
    constraint::tests::test_both_sides_constant_equal
    constraint::tests::test_contradiction
    constraint::tests::test_division_by_variable_unsolvable
    constraint::tests::test_division_negative_divisor
    constraint::tests::test_division_simple
    constraint::tests::test_division_with_offset
    constraint::tests::test_linear_complex_expression
    constraint::tests::test_linear_multiplication
    constraint::tests::test_linear_negative_result
    constraint::tests::test_linear_nested_expression
    constraint::tests::test_linear_simple_addition
    constraint::tests::test_linear_simple_subtraction
    constraint::tests::test_linear_variable_on_right
    constraint::tests::test_no_integer_solution
    constraint::tests::test_solver_state_from_constraints
    constraint::tests::test_two_variables_unsolvable
    term_rewrite::tests::arith_with_chained_rules
    term_rewrite::tests::arith_with_pipe_and_rule
    term_rewrite::tests::arith_with_user_defined_rule

test result: FAILED. 96 passed; 19 failed; 4 ignored; 0 measured; 0 filtered out; finished in 0.00s

error: test failed, to rerun pass `-p cadhr-lang --lib`
```


I see the issue. The constraint tests are failing because of a pre-existing `todo!()` in the code, and my fix is causing new failures in the `arith_with_*` tests. The error says `"no clause matches goal", goal: 1` - it's trying to resolve the number `1` as if it were a term that needs rewriting.

The problem is that in my fix, I'm recursively calling `rewrite_term_recursive` on all arguments, including `Number` terms. Let me look at the issue more closely:

 read(cadhr-lang/src/term_rewrite.rs) 
Read 65 lines


I see the issue. When the argument is a `Number`, it falls into the `other` branch of `rewrite_term_recursive`, and since a `Number` is not a "builtin primitive" (which checks for structs with builtin functors), it returns an error.

Looking at `is_builtin_primitive`:

```rust
fn is_builtin_primitive(term: &Term) -> bool {
    match term {
        Term::Struct { functor, .. } => is_builtin_functor(functor),
        Term::InfixExpr { left, right, .. } => {
            is_builtin_primitive(left) && is_builtin_primitive(right)
        }
        _ => false,  // Numbers return false here!
    }
}
```

The issue is that `Number` returns `false` from `is_builtin_primitive`. Let me fix this by making `Number` return true:

 read(cadhr-lang/src/term_rewrite.rs) 
Read 27 lines




 edit(cadhr-lang/src/term_rewrite.rs) 
```rust
        // Numbers are built-in literals
        Term::Number { .. } => true,
```


Now let me run the tests again:

 execute(cargo test -p cadhr-lang --lib term_rewrite 2>&1) 
warning: profiles for the non root package will be ignored, specify profiles at the workspace root:
package:   /Users/tsukimizake/daccad/cadhr-lang/Cargo.toml
workspace: /Users/tsukimizake/daccad/Cargo.toml
   Compiling cadhr-lang v0.1.0 (/Users/tsukimizake/daccad/cadhr-lang)
warning: unused variable: `left`
  --> cadhr-lang/src/constraint.rs:40:23
   |
40 |             ArithEq { left, right } => {
   |                       ^^^^ help: try ignoring the field: `left: _`
   |
   = note: `#[warn(unused_variables)]` (part of `#[warn(unused)]`) on by default

warning: unused variable: `right`
  --> cadhr-lang/src/constraint.rs:40:29
   |
40 |             ArithEq { left, right } => {
   |                             ^^^^^ help: try ignoring the field: `right: _`

warning: associated function `extract_constraints` is never used
  --> cadhr-lang/src/constraint.rs:38:8
   |
29 | impl SolverState {
   | ---------------- associated function in this implementation
...
38 |     fn extract_constraints(eq: ArithEq) -> Vec<ArithConstraint> {
   |        ^^^^^^^^^^^^^^^^^^^
   |
   = note: `#[warn(dead_code)]` (part of `#[warn(unused)]`) on by default

warning: `cadhr-lang` (lib test) generated 3 warnings (run `cargo fix --lib -p cadhr-lang --tests` to apply 2 suggestions)
    Finished `test` profile [optimized + debuginfo] target(s) in 0.89s
     Running unittests src/lib.rs (target/debug/deps/cadhr_lang-bf096181759b23e1)

running 71 tests
test term_rewrite::tests::deep_struct_on_db ... ok
test term_rewrite::tests::fail_unmatched ... ok
test term_rewrite::tests::db_var_matches_constant_query ... ok
test term_rewrite::tests::deep_struct_on_query ... ok
test term_rewrite::tests::list_empty_match ... ok
test term_rewrite::tests::list_head_tail_pattern ... ok
test term_rewrite::tests::list_mismatch ... ok
test term_rewrite::tests::query_var_binds_to_constant_fact ... ok
test term_rewrite::tests::multiple_usages_of_same_variable ... ok
test term_rewrite::tests::grandparent_rule ... ok
test term_rewrite::tests::recursive_unify_nested_struct_mismatch_functor ... ok
test term_rewrite::tests::recursive_unify_nested_struct_match ... ok
test term_rewrite::tests::recursive_unify_multiple_args ... ok
test term_rewrite::tests::recursive_unify_nested_struct_mismatch_inner ... ok
test term_rewrite::tests::recursive_unify_multiple_args_one_mismatch ... ok
test term_rewrite::tests::recursive_unify_three_levels_deep ... ok
test term_rewrite::tests::recursive_unify_query_var_binds_in_nested ... ok
test term_rewrite::tests::list_var_binding ... ok
test term_rewrite::tests::arith_with_user_defined_rule ... ok
test term_rewrite::tests::list_simple_match ... ok
test term_rewrite::tests::member_first ... ok
test term_rewrite::tests::arith_with_chained_rules ... ok
test term_rewrite::tests::recursive_unify_three_levels_deep_mismatch ... ok
test term_rewrite::tests::recursive_unify_var_at_deep_level ... ok
test term_rewrite::tests::recursive_unify_var_in_nested_struct ... ok
test term_rewrite::tests::arith_with_pipe_and_rule ... ok
test term_rewrite::tests::resolved_goals_returned ... ok
test term_rewrite::tests::rule_chain_three_levels ... ok
test term_rewrite::tests::rule_chain_two_levels ... ok
test term_rewrite::tests::rule_mixed_with_facts ... ignored
test term_rewrite::tests::rule_multiple_goals ... ignored
test term_rewrite::tests::rule_multiple_goals_with_var ... ignored
test term_rewrite::tests::rule_shared_variable_propagation ... ignored
test term_rewrite::tests::rule_fails_first_subgoal ... ok
test term_rewrite::tests::rule_fails_no_matching_fact ... ok
test term_rewrite::tests::rule_chain_with_var_binding ... ok
test term_rewrite::tests::simple_atom_match ... ok
test term_rewrite::tests::rule_with_nested_struct_var_binding ... ok
test term_rewrite::tests::rule_with_deeply_nested_struct ... ok
test term_rewrite::tests::test_arith_both_sides_expr ... ok
test term_rewrite::tests::test_arith_compound_expr ... ok
test term_rewrite::tests::rule_fails_second_subgoal ... ok
test term_rewrite::tests::test_arith_in_rule ... ok
test term_rewrite::tests::test_arith_expr_before_var ... ok
test term_rewrite::tests::rule_head_with_struct_var_query ... ok
test term_rewrite::tests::rule_with_nested_struct_in_fact ... ok
test term_rewrite::tests::test_arith_multiple_vars_order ... ok
test term_rewrite::tests::test_arith_nested_expr ... ok
test term_rewrite::tests::test_arith_precedence ... ok
test term_rewrite::tests::rule_single_goal_with_var_query ... ok
test term_rewrite::tests::test_arith_simple_add ... ok
test term_rewrite::tests::rule_single_goal ... ok
test term_rewrite::tests::sample_rule ... ok
test term_rewrite::tests::rule_shared_variable_in_body ... ok
test term_rewrite::tests::test_arith_simple_div ... ok
test term_rewrite::tests::rule_head_with_struct ... ok
test term_rewrite::tests::rule_three_args ... ok
test term_rewrite::tests::test_arith_simple_mul ... ok
test term_rewrite::tests::test_arith_simple_sub ... ok
test term_rewrite::tests::test_arith_with_var ... ok
test term_rewrite::tests::test_rangevar_intersection ... ok
test term_rewrite::tests::test_rangevar_intersection_empty ... ok
test term_rewrite::tests::test_rangevar_intersection_inclusive_exclusive ... ok
test term_rewrite::tests::test_rangevar_number_boundary_exclusive ... ok
test term_rewrite::tests::test_rangevar_number_boundary_inclusive ... ok
test term_rewrite::tests::test_rangevar_number_in_range ... ok
test term_rewrite::tests::test_rangevar_number_out_of_range ... ok
test term_rewrite::tests::test_unify_fail ... ok
test term_rewrite::tests::test_unify_structs ... ok
test term_rewrite::tests::test_unify_vars ... ok
test term_rewrite::tests::var_to_var_binding ... ok

test result: ok. 67 passed; 0 failed; 4 ignored; 0 measured; 48 filtered out; finished in 0.00s
open terminal failed: not a terminal
open terminal failed: not a terminal


All term_rewrite tests pass now. Let me add a specific test for the original issue (nested clause references inside transforms like `rotate`):

 read(cadhr-lang/src/term_rewrite.rs) 
Read 35 lines




 read(cadhr-lang/src/term_rewrite.rs) 
Read 55 lines




 read(cadhr-lang/src/term_rewrite.rs) 
Read 45 lines




 read(cadhr-lang/src/term_rewrite.rs) 
Read 65 lines




 read(cadhr-lang/src/term_rewrite.rs) 
Read 12 lines


Now let me add a test case for the specific bug that was reported - nested clause references inside transforms like `rotate`:

 edit(cadhr-lang/src/term_rewrite.rs) 
```rust

    #[test]
    fn clause_ref_inside_rotate() {
        // cub :- cube(40,90,50). main :- cub - rotate(cub, 0, 30, 0).
        // The cub inside rotate should also be resolved to cube(40,90,50)
        let resolved = run_success(
            "cub :- cube(40,90,50). main :- cub - rotate(cub, 0, 30, 0).",
            "main.",
        );
        assert_eq!(
            resolved,
            vec!["(cube(40, 90, 50) - rotate(cube(40, 90, 50), 0, 30, 0))"]
        );
    }

    #[test]
    fn clause_ref_inside_translate() {
        // ob :- sphere(10). main :- translate(ob, 5, 5, 5).
        let resolved = run_success(
            "ob :- sphere(10). main :- translate(ob, 5, 5, 5).",
            "main.",
        );
        assert_eq!(resolved, vec!["translate(sphere(10), 5, 5, 5)"]);
    }

    #[test]
    fn clause_ref_inside_scale() {
        // ob :- cylinder(5, 10). main :- scale(ob, 2, 2, 2).
        let resolved = run_success(
            "ob :- cylinder(5, 10). main :- scale(ob, 2, 2, 2).",
            "main.",
        );
        assert_eq!(resolved, vec!["scale(cylinder(5, 10), 2, 2, 2)"]);
    }

    #[test]
    fn nested_transforms_with_clause_ref() {
        // ob :- cube(1,1,1). main :- translate(rotate(ob, 0, 45, 0), 10, 0, 0).
        let resolved = run_success(
            "ob :- cube(1,1,1). main :- translate(rotate(ob, 0, 45, 0), 10, 0, 0).",
            "main.",
        );
        assert_eq!(
            resolved,
            vec!["translate(rotate(cube(1, 1, 1), 0, 45, 0), 10, 0, 0)"]
        );
    }
```




 execute(cargo test -p cadhr-lang --lib term_rewrite::tests::clause_ref 2>&1) 
warning: profiles for the non root package will be ignored, specify profiles at the workspace root:
package:   /Users/tsukimizake/daccad/cadhr-lang/Cargo.toml
workspace: /Users/tsukimizake/daccad/Cargo.toml
   Compiling cadhr-lang v0.1.0 (/Users/tsukimizake/daccad/cadhr-lang)
warning: unused variable: `left`
  --> cadhr-lang/src/constraint.rs:40:23
   |
40 |             ArithEq { left, right } => {
   |                       ^^^^ help: try ignoring the field: `left: _`
   |
   = note: `#[warn(unused_variables)]` (part of `#[warn(unused)]`) on by default

warning: unused variable: `right`
  --> cadhr-lang/src/constraint.rs:40:29
   |
40 |             ArithEq { left, right } => {
   |                             ^^^^^ help: try ignoring the field: `right: _`

warning: associated function `extract_constraints` is never used
  --> cadhr-lang/src/constraint.rs:38:8
   |
29 | impl SolverState {
   | ---------------- associated function in this implementation
...
38 |     fn extract_constraints(eq: ArithEq) -> Vec<ArithConstraint> {
   |        ^^^^^^^^^^^^^^^^^^^
   |
   = note: `#[warn(dead_code)]` (part of `#[warn(unused)]`) on by default

warning: `cadhr-lang` (lib test) generated 3 warnings (run `cargo fix --lib -p cadhr-lang --tests` to apply 2 suggestions)
    Finished `test` profile [optimized + debuginfo] target(s) in 1.45s
     Running unittests src/lib.rs (target/debug/deps/cadhr_lang-bf096181759b23e1)

running 3 tests
test term_rewrite::tests::clause_ref_inside_translate ... ok
test term_rewrite::tests::clause_ref_inside_scale ... ok
test term_rewrite::tests::clause_ref_inside_rotate ... ok

test result: ok. 3 passed; 0 failed; 0 ignored; 0 measured; 120 filtered out; finished in 0.00s
open terminal failed: not a terminal
open terminal failed: not a terminal


All the new tests pass. Let me also run the `nested_transforms_with_clause_ref` test:

 execute(cargo test -p cadhr-lang --lib term_rewrite::tests::nested_transforms 2>&1) 
warning: profiles for the non root package will be ignored, specify profiles at the workspace root:
package:   /Users/tsukimizake/daccad/cadhr-lang/Cargo.toml
workspace: /Users/tsukimizake/daccad/Cargo.toml
warning: unused variable: `left`
  --> cadhr-lang/src/constraint.rs:40:23
   |
40 |             ArithEq { left, right } => {
   |                       ^^^^ help: try ignoring the field: `left: _`
   |
   = note: `#[warn(unused_variables)]` (part of `#[warn(unused)]`) on by default

warning: unused variable: `right`
  --> cadhr-lang/src/constraint.rs:40:29
   |
40 |             ArithEq { left, right } => {
   |                             ^^^^^ help: try ignoring the field: `right: _`

warning: associated function `extract_constraints` is never used
  --> cadhr-lang/src/constraint.rs:38:8
   |
29 | impl SolverState {
   | ---------------- associated function in this implementation
...
38 |     fn extract_constraints(eq: ArithEq) -> Vec<ArithConstraint> {
   |        ^^^^^^^^^^^^^^^^^^^
   |
   = note: `#[warn(dead_code)]` (part of `#[warn(unused)]`) on by default

warning: `cadhr-lang` (lib test) generated 3 warnings (run `cargo fix --lib -p cadhr-lang --tests` to apply 2 suggestions)
    Finished `test` profile [optimized + debuginfo] target(s) in 0.22s
     Running unittests src/lib.rs (target/debug/deps/cadhr_lang-bf096181759b23e1)

running 1 test
test term_rewrite::tests::nested_transforms_with_clause_ref ... ok

test result: ok. 1 passed; 0 failed; 0 ignored; 0 measured; 122 filtered out; finished in 0.00s
open terminal failed: not a terminal
open terminal failed: not a terminal


All tests pass. Now let me fix the `info!` macro issue in main.rs so the project builds properly:

 read(cadhr-lang/src/main.rs) 
Read 24 lines




 edit(cadhr-lang/src/main.rs) 
```rust
    info!("Database clauses: {:#?}", db_clauses);
    info!("Query terms: {:?}", query_terms);
    println!("Database clauses: {:#?}", db_clauses);
    println!("Query terms: {:?}", query_terms);
    info!("Execution result: {:?}", result);
    println!("Execution result: {:?}", result);
```


Now let me run all the cadhr-lang tests to make sure everything works:

 execute(cargo test -p cadhr-lang 2>&1) 
```
Exit code 101
open terminal failed: not a terminal
open terminal failed: not a terminal

warning: profiles for the non root package will be ignored, specify profiles at the workspace root:
package:   /Users/tsukimizake/daccad/cadhr-lang/Cargo.toml
workspace: /Users/tsukimizake/daccad/Cargo.toml
   Compiling cadhr-lang v0.1.0 (/Users/tsukimizake/daccad/cadhr-lang)
warning: unused variable: `left`
  --> cadhr-lang/src/constraint.rs:40:23
   |
40 |             ArithEq { left, right } => {
   |                       ^^^^ help: try ignoring the field: `left: _`
   |
   = note: `#[warn(unused_variables)]` (part of `#[warn(unused)]`) on by default

warning: unused variable: `right`
  --> cadhr-lang/src/constraint.rs:40:29
   |
40 |             ArithEq { left, right } => {
   |                             ^^^^^ help: try ignoring the field: `right: _`

warning: associated function `extract_constraints` is never used
  --> cadhr-lang/src/constraint.rs:38:8
   |
29 | impl SolverState {
   | ---------------- associated function in this implementation
...
38 |     fn extract_constraints(eq: ArithEq) -> Vec<ArithConstraint> {
   |        ^^^^^^^^^^^^^^^^^^^
   |
   = note: `#[warn(dead_code)]` (part of `#[warn(unused)]`) on by default

warning: `cadhr-lang` (lib test) generated 3 warnings (run `cargo fix --lib -p cadhr-lang --tests` to apply 2 suggestions)
warning: `cadhr-lang` (lib) generated 3 warnings (3 duplicates)
    Finished `test` profile [optimized + debuginfo] target(s) in 1.08s
     Running unittests src/lib.rs (target/debug/deps/cadhr_lang-bf096181759b23e1)

running 123 tests
test constraint::tests::test_arith_expr_from_term ... ok
test constraint::tests::test_arith_expr_operators ... ok
test constraint::tests::test_both_sides_constant_equal ... FAILED
test constraint::tests::test_linear_complex_expression ... FAILED
test constraint::tests::test_division_with_offset ... FAILED
test constraint::tests::test_division_simple ... FAILED
test constraint::tests::test_division_negative_divisor ... FAILED
test constraint::tests::test_division_by_variable_unsolvable ... FAILED
test constraint::tests::test_contradiction ... FAILED
test constraint::tests::test_linear_multiplication ... FAILED
test constraint::tests::test_linear_negative_result ... FAILED
test constraint::tests::test_linear_nested_expression ... FAILED
test constraint::tests::test_linear_simple_addition ... FAILED
test constraint::tests::test_linear_simple_subtraction ... FAILED
test constraint::tests::test_linear_variable_on_right ... FAILED
test constraint::tests::test_no_integer_solution ... FAILED
test constraint::tests::test_solver_state_from_constraints ... FAILED
test constraint::tests::test_two_variables_unsolvable ... FAILED
test manifold_bridge::tests::test_arity_mismatch ... ok
test manifold_bridge::tests::test_cube_conversion ... ok
test manifold_bridge::tests::test_cylinder_default_segments ... ok
test manifold_bridge::tests::test_nested_csg ... ok
test manifold_bridge::tests::test_operator_difference ... ok
test manifold_bridge::tests::test_operator_division_error ... ok
test manifold_bridge::tests::test_operator_intersection ... ok
test manifold_bridge::tests::test_operator_nested ... ok
test manifold_bridge::tests::test_operator_union ... ok
test manifold_bridge::tests::test_sphere_default_segments ... ok
test manifold_bridge::tests::test_sphere_explicit_segments ... ok
test manifold_bridge::tests::test_translate_conversion ... ok
test manifold_bridge::tests::test_unbound_variable_error ... ok
test manifold_bridge::tests::test_union_conversion ... ok
test manifold_bridge::tests::test_unknown_primitive ... ok
test parse::tests::parse_fact ... ok
test parse::tests::parse_database ... ok
test parse::tests::parse_list ... ok
test parse::tests::parse_pipe_operator_chain ... ok
test parse::tests::parse_pipe_with_parentheses ... ok
test parse::tests::parse_pipe_without_parentheses ... ok
test parse::tests::parse_query_simple ... ok
test parse::tests::parse_range_var_both_bounds ... ok
test parse::tests::parse_range_var_in_rule ... ok
test parse::tests::parse_range_var_inclusive ... ok
test parse::tests::parse_range_var_left_only ... ok
test parse::tests::parse_range_var_right_only ... ok
test parse::tests::parse_rule ... ok
test parse::tests::test_atom ... ok
test parse::tests::test_struct ... ok
test term_rewrite::tests::fail_unmatched ... ok
test term_rewrite::tests::db_var_matches_constant_query ... ok
test term_rewrite::tests::deep_struct_on_query ... ok
test term_rewrite::tests::deep_struct_on_db ... ok
test term_rewrite::tests::list_empty_match ... ok
test term_rewrite::tests::list_head_tail_pattern ... ok
test term_rewrite::tests::list_mismatch ... ok
test term_rewrite::tests::list_var_binding ... ok
test term_rewrite::tests::arith_with_user_defined_rule ... ok
test term_rewrite::tests::multiple_usages_of_same_variable ... ok
test term_rewrite::tests::clause_ref_inside_scale ... ok
test term_rewrite::tests::list_simple_match ... ok
test t

... [3156 characters truncated] ...

tion ... ok
test term_rewrite::tests::test_arith_with_var ... ok
test term_rewrite::tests::test_rangevar_intersection_empty ... ok
test term_rewrite::tests::test_rangevar_intersection_inclusive_exclusive ... ok
test term_rewrite::tests::test_rangevar_number_boundary_exclusive ... ok
test term_rewrite::tests::test_rangevar_number_boundary_inclusive ... ok
test term_rewrite::tests::test_rangevar_number_in_range ... ok
test term_rewrite::tests::test_rangevar_number_out_of_range ... ok
test term_rewrite::tests::test_unify_fail ... ok
test term_rewrite::tests::test_unify_structs ... ok
test term_rewrite::tests::test_unify_vars ... ok
test term_rewrite::tests::var_to_var_binding ... ok

failures:

---- constraint::tests::test_both_sides_constant_equal stdout ----

thread 'constraint::tests::test_both_sides_constant_equal' (2070986) panicked at cadhr-lang/src/constraint.rs:31:58:
not yet implemented
note: run with `RUST_BACKTRACE=1` environment variable to display a backtrace

---- constraint::tests::test_linear_complex_expression stdout ----

thread 'constraint::tests::test_linear_complex_expression' (2070992) panicked at cadhr-lang/src/constraint.rs:31:58:
not yet implemented

---- constraint::tests::test_division_with_offset stdout ----

thread 'constraint::tests::test_division_with_offset' (2070991) panicked at cadhr-lang/src/constraint.rs:31:58:
not yet implemented

---- constraint::tests::test_division_simple stdout ----

thread 'constraint::tests::test_division_simple' (2070990) panicked at cadhr-lang/src/constraint.rs:31:58:
not yet implemented

---- constraint::tests::test_division_negative_divisor stdout ----

thread 'constraint::tests::test_division_negative_divisor' (2070989) panicked at cadhr-lang/src/constraint.rs:31:58:
not yet implemented

---- constraint::tests::test_division_by_variable_unsolvable stdout ----

thread 'constraint::tests::test_division_by_variable_unsolvable' (2070988) panicked at cadhr-lang/src/constraint.rs:31:58:
not yet implemented

---- constraint::tests::test_contradiction stdout ----

thread 'constraint::tests::test_contradiction' (2070987) panicked at cadhr-lang/src/constraint.rs:31:58:
not yet implemented

---- constraint::tests::test_linear_multiplication stdout ----

thread 'constraint::tests::test_linear_multiplication' (2070993) panicked at cadhr-lang/src/constraint.rs:31:58:
not yet implemented

---- constraint::tests::test_linear_negative_result stdout ----

thread 'constraint::tests::test_linear_negative_result' (2070994) panicked at cadhr-lang/src/constraint.rs:31:58:
not yet implemented

---- constraint::tests::test_linear_nested_expression stdout ----

thread 'constraint::tests::test_linear_nested_expression' (2070995) panicked at cadhr-lang/src/constraint.rs:31:58:
not yet implemented

---- constraint::tests::test_linear_simple_addition stdout ----

thread 'constraint::tests::test_linear_simple_addition' (2070996) panicked at cadhr-lang/src/constraint.rs:31:58:
not yet implemented

---- constraint::tests::test_linear_simple_subtraction stdout ----

thread 'constraint::tests::test_linear_simple_subtraction' (2070997) panicked at cadhr-lang/src/constraint.rs:31:58:
not yet implemented

---- constraint::tests::test_linear_variable_on_right stdout ----

thread 'constraint::tests::test_linear_variable_on_right' (2070998) panicked at cadhr-lang/src/constraint.rs:31:58:
not yet implemented

---- constraint::tests::test_no_integer_solution stdout ----

thread 'constraint::tests::test_no_integer_solution' (2070999) panicked at cadhr-lang/src/constraint.rs:31:58:
not yet implemented

---- constraint::tests::test_solver_state_from_constraints stdout ----

thread 'constraint::tests::test_solver_state_from_constraints' (2071000) panicked at cadhr-lang/src/constraint.rs:31:58:
not yet implemented

---- constraint::tests::test_two_variables_unsolvable stdout ----

thread 'constraint::tests::test_two_variables_unsolvable' (2071001) panicked at cadhr-lang/src/constraint.rs:31:58:
not yet implemented


failures:
    constraint::tests::test_both_sides_constant_equal
    constraint::tests::test_contradiction
    constraint::tests::test_division_by_variable_unsolvable
    constraint::tests::test_division_negative_divisor
    constraint::tests::test_division_simple
    constraint::tests::test_division_with_offset
    constraint::tests::test_linear_complex_expression
    constraint::tests::test_linear_multiplication
    constraint::tests::test_linear_negative_result
    constraint::tests::test_linear_nested_expression
    constraint::tests::test_linear_simple_addition
    constraint::tests::test_linear_simple_subtraction
    constraint::tests::test_linear_variable_on_right
    constraint::tests::test_no_integer_solution
    constraint::tests::test_solver_state_from_constraints
    constraint::tests::test_two_variables_unsolvable

test result: FAILED. 103 passed; 16 failed; 4 ignored; 0 measured; 0 filtered out; finished in 0.00s

error: test failed, to rerun pass `-p cadhr-lang --lib`
```


The constraint tests are failing due to pre-existing `todo!()` in the code (work in progress as mentioned in CLAUDE.md). All the term_rewrite and manifold_bridge tests pass, including my new tests for the bug fix.

Let me also run the full workspace build to make sure everything compiles:

 execute(cargo build 2>&1 | head -50) 
warning: profiles for the non root package will be ignored, specify profiles at the workspace root:
package:   /Users/tsukimizake/daccad/cadhr-lang/Cargo.toml
workspace: /Users/tsukimizake/daccad/Cargo.toml
   Compiling cadhr-lang v0.1.0 (/Users/tsukimizake/daccad/cadhr-lang)
warning: unused variable: `left`
  --> cadhr-lang/src/constraint.rs:40:23
   |
40 |             ArithEq { left, right } => {
   |                       ^^^^ help: try ignoring the field: `left: _`
   |
   = note: `#[warn(unused_variables)]` (part of `#[warn(unused)]`) on by default

warning: unused variable: `right`
  --> cadhr-lang/src/constraint.rs:40:29
   |
40 |             ArithEq { left, right } => {
   |                             ^^^^^ help: try ignoring the field: `right: _`

warning: associated function `extract_constraints` is never used
  --> cadhr-lang/src/constraint.rs:38:8
   |
29 | impl SolverState {
   | ---------------- associated function in this implementation
...
38 |     fn extract_constraints(eq: ArithEq) -> Vec<ArithConstraint> {
   |        ^^^^^^^^^^^^^^^^^^^
   |
   = note: `#[warn(dead_code)]` (part of `#[warn(unused)]`) on by default

warning: `cadhr-lang` (lib) generated 3 warnings (run `cargo fix --lib -p cadhr-lang` to apply 2 suggestions)
   Compiling cadhr v0.1.0 (/Users/tsukimizake/daccad)
warning: field `request_id` is never read
  --> src/events.rs:15:9
   |
14 | pub struct PreviewGenerated {
   |            ---------------- field in this struct
15 |     pub request_id: u64,
   |         ^^^^^^^^^^
   |
   = note: `#[warn(dead_code)]` (part of `#[warn(unused)]`) on by default

warning: `cadhr` (bin "cadhr") generated 1 warning
    Finished `dev` profile [optimized + debuginfo] target(s) in 4.48s
open terminal failed: not a terminal
open terminal failed: not a terminal


The build succeeds. Let me provide a summary of the fix:

## Summary

The bug was in `term_rewrite.rs`. When resolving terms, if a builtin functor like `rotate`, `translate`, or `scale` was encountered, the code was returning the term as-is without recursively resolving its arguments.

**The problem:**
```
cub :- cube(40, 90, 50).
main :- (cub - rotate(cub, 0, 30, 0)).
```

When resolving `main`, the left side `cub` was correctly resolved to `cube(40, 90, 50)`, but inside `rotate(cub, 0, 30, 0)`, the `cub` argument was **not** being resolved because `rotate` is a builtin functor and the code just returned it unchanged.

**The fix (two changes):**

1. **`term_rewrite.rs:692-711`**: When a builtin functor is encountered, recursively resolve all its arguments before returning the term.

2. **`term_rewrite.rs:14`**: Added `Term::Number { .. } => true` to `is_builtin_primitive()` so that number literals (like the `0, 30, 0` in `rotate(cub, 0, 30, 0)`) are correctly recognized as built-in primitives that don't need further rewriting.

I also:
- Fixed the `info!` â†’ `println!` issue in `cadhr-lang/src/main.rs`
- Added 4 new test cases covering this scenario (`clause_ref_inside_rotate`, `clause_ref_inside_translate`, `clause_ref_inside_scale`, `nested_transforms_with_clause_ref`)

### ðŸ 2026-02-13 21:45:50
-----


## ï€‡ User - 2026-02-13 21:55:37

ä½•ã‹primitiveã‚’å¤‰ã«ç‰¹åˆ¥æ‰±ã„ã—ã¦ã„ãŸã¨ã“ã‚ãŒã‚ã‚Šã¾ã›ã‚“ã‹


### ó±š  Agent - Claude ACP

ã¯ã„ã€ç¢ºã‹ã«å•é¡ŒãŒã‚ã‚Šã¾ã™ã€‚

ç¾åœ¨ã®å®Ÿè£…ã§ã¯ `is_builtin_primitive` ã¨ `is_builtin_functor` ã§ builtin ã‚’ç‰¹åˆ¥æ‰±ã„ã—ã¦ã„ã¾ã™ãŒã€ã“ã‚Œã¯æœ¬æ¥ä¸è¦ãªã¯ãšã§ã™ã€‚term rewriting ã®è¦³ç‚¹ã§ã¯ã€`cube` ã‚‚ `rotate` ã‚‚å˜ãªã‚‹ functor ã§ã‚ã‚Šã€clause ã«ãƒžãƒƒãƒã—ãªã‘ã‚Œã°ãã®ã¾ã¾è¿”ã™ã¹ãã§ã™ã€‚

ç¾åœ¨ã®å•é¡Œç‚¹ã‚’ç¢ºèªã—ã¾ã™ã€‚

 read(cadhr-lang/src/term_rewrite.rs) 
Read 23 lines




 read(cadhr-lang/src/term_rewrite.rs) 
Read 65 lines


ãŠã£ã—ã‚ƒã‚‹é€šã‚Šã§ã™ã€‚builtin ã‚’ç‰¹åˆ¥æ‰±ã„ã™ã‚‹è¨­è¨ˆã¯ä¸é©åˆ‡ã§ã™ã€‚

æœ¬æ¥ã‚ã‚‹ã¹ãå‹•ä½œ:
1. term ãŒãƒ«ãƒ¼ãƒ«/ãƒ•ã‚¡ã‚¯ãƒˆã«ãƒžãƒƒãƒã™ã‚‹ â†’ æ›¸ãæ›ãˆã‚‹
2. ãƒžãƒƒãƒã—ãªã„ â†’ å¼•æ•°ã‚’å†å¸°çš„ã«è§£æ±ºã—ã¦ãã®ã¾ã¾è¿”ã™ï¼ˆã‚¨ãƒ©ãƒ¼ã§ã¯ãªã„ï¼‰

`cube(1,1,1)` ã‚‚ `myshape` ã‚‚åŒã˜ã‚ˆã†ã«æ‰±ã†ã¹ãã§ã€manifold_bridge ã§ã®ã¿ã€Œã“ã®functorã¯å®Ÿéš›ã«3Dã‚ªãƒ–ã‚¸ã‚§ã‚¯ãƒˆã«å¤‰æ›ã§ãã‚‹ã‹ã€ã‚’ãƒã‚§ãƒƒã‚¯ã™ã‚Œã°è‰¯ã„ã¯ãšã§ã™ã€‚

ä¿®æ­£ã—ã¾ã™ã€‚

 edit(cadhr-lang/src/term_rewrite.rs) 
```rust
use crate::manifold_bridge::is_builtin_functor;
use crate::parse::{ArithOp, Bound, Clause, Term, list, number, range_var};

/// Check if a term is a built-in primitive that should not be rewritten
fn is_builtin_primitive(term: &Term) -> bool {
    match term {
        Term::Struct { functor, .. } => is_builtin_functor(functor),
        // InfixExpr (+, -, *) with CAD primitives as operands is also builtin
        Term::InfixExpr { left, right, .. } => {
            is_builtin_primitive(left) && is_builtin_primitive(right)
        }
        // Numbers are built-in literals
        Term::Number { .. } => true,
        _ => false,
    }
}
use crate::parse::{ArithOp, Bound, Clause, Term, list, number, range_var};
```


æ¬¡ã« `rewrite_term_recursive` ã‚’ä¿®æ­£ã—ã¾ã™ã€‚

 read(cadhr-lang/src/term_rewrite.rs) 
Read 85 lines




 edit(cadhr-lang/src/term_rewrite.rs) 
```rust
            let new_term = Term::InfixExpr {
            Ok(vec![Term::InfixExpr {
            };
            // æ›¸ãæ›ãˆå¾Œã®é …ãŒãƒ“ãƒ«ãƒˆã‚¤ãƒ³ãƒ—ãƒªãƒŸãƒ†ã‚£ãƒ–ãªã‚‰OK
            if is_builtin_primitive(&new_term) {
                Ok(vec![new_term])
            } else {
                Err(RewriteError {
                    message: "InfixExpr contains non-builtin terms after rewriting".to_string(),
                    goal: new_term,
                })
            }
            }])
            // ãƒ“ãƒ«ãƒˆã‚¤ãƒ³ãƒ•ã‚¡ãƒ³ã‚¯ã‚¿ãƒ¼ã®å ´åˆã€å¼•æ•°ã‚’å†å¸°çš„ã«è§£æ±ºã—ã¦ã‹ã‚‰è¿”ã™
            if is_builtin_functor(&functor) {
                let mut resolved_args = Vec::with_capacity(args.len());
                for arg in args {
                    let resolved = rewrite_term_recursive(db, clause_counter, arg, other_goals)?;
                    if resolved.len() != 1 {
                        return Err(RewriteError {
                            message: "Struct argument resolved to multiple terms".to_string(),
                            goal: Term::Struct { functor, args: resolved_args },
                        });
                    }
                    resolved_args.push(resolved.into_iter().next().unwrap());
            // å¼•æ•°ã‚’å†å¸°çš„ã«è§£æ±ºã—ã¦ã‹ã‚‰è¿”ã™
            let mut resolved_args = Vec::with_capacity(args.len());
            for arg in args {
                let resolved = rewrite_term_recursive(db, clause_counter, arg, other_goals)?;
                if resolved.len() != 1 {
                    return Err(RewriteError {
                        message: "Struct argument resolved to multiple terms".to_string(),
                        goal: Term::Struct { functor, args: resolved_args },
                    });
                return Ok(vec![Term::Struct { functor, args: resolved_args }]);
                resolved_args.push(resolved.into_iter().next().unwrap());
            // éžãƒ“ãƒ«ãƒˆã‚¤ãƒ³ã§ãƒ«ãƒ¼ãƒ«ã«ã‚‚ãƒžãƒƒãƒã—ãªã„å ´åˆã¯ã‚¨ãƒ©ãƒ¼
            Err(RewriteError {
                message: "no clause matches goal".to_string(),
                goal: Term::Struct { functor, args },
            })
            Ok(vec![Term::Struct { functor, args: resolved_args }])
        // ãã®ä»–ã®é …ï¼ˆNumber, Var, List ãªã©ï¼‰ã¯ãã®ã¾ã¾
        other => {
            if is_builtin_primitive(&other) {
                Ok(vec![other])
        // Number, List ãªã©ã¯ãã®ã¾ã¾è¿”ã™
        Term::Number { .. } => Ok(vec![term]),
        Term::List { items, tail } => {
            let mut resolved_items = Vec::with_capacity(items.len());
            for item in items {
                let resolved = rewrite_term_recursive(db, clause_counter, item, other_goals)?;
                if resolved.len() != 1 {
                    return Err(RewriteError {
                        message: "List item resolved to multiple terms".to_string(),
                        goal: Term::List { items: resolved_items, tail },
                    });
                }
                resolved_items.push(resolved.into_iter().next().unwrap());
            }
            let resolved_tail = if let Some(t) = tail {
                let resolved = rewrite_term_recursive(db, clause_counter, *t, other_goals)?;
                if resolved.len() != 1 {
                    return Err(RewriteError {
                        message: "List tail resolved to multiple terms".to_string(),
                        goal: Term::List { items: resolved_items, tail: None },
                    });
                }
                Some(Box::new(resolved.into_iter().next().unwrap()))
                Err(RewriteError {
                    message: "no clause matches goal".to_string(),
                    goal: other,
                })
            }
                None
            };
            Ok(vec![Term::List { items: resolved_items, tail: resolved_tail }])
        // Var, RangeVar ã¯æœªæŸç¸›ã®ã¾ã¾ï¼ˆã‚¨ãƒ©ãƒ¼ã«ã¯ã—ãªã„ã€manifold_bridge ã§ãƒã‚§ãƒƒã‚¯ã™ã‚‹ï¼‰
        other => Ok(vec![other]),
```


ãƒ†ã‚¹ãƒˆã‚’å®Ÿè¡Œã—ã¾ã™ã€‚

 execute(cargo test -p cadhr-lang --lib term_rewrite 2>&1) 
```
Exit code 101
open terminal failed: not a terminal
open terminal failed: not a terminal

warning: profiles for the non root package will be ignored, specify profiles at the workspace root:
package:   /Users/tsukimizake/daccad/cadhr-lang/Cargo.toml
workspace: /Users/tsukimizake/daccad/Cargo.toml
   Compiling cadhr-lang v0.1.0 (/Users/tsukimizake/daccad/cadhr-lang)
warning: unused variable: `left`
  --> cadhr-lang/src/constraint.rs:40:23
   |
40 |             ArithEq { left, right } => {
   |                       ^^^^ help: try ignoring the field: `left: _`
   |
   = note: `#[warn(unused_variables)]` (part of `#[warn(unused)]`) on by default

warning: unused variable: `right`
  --> cadhr-lang/src/constraint.rs:40:29
   |
40 |             ArithEq { left, right } => {
   |                             ^^^^^ help: try ignoring the field: `right: _`

warning: associated function `extract_constraints` is never used
  --> cadhr-lang/src/constraint.rs:38:8
   |
29 | impl SolverState {
   | ---------------- associated function in this implementation
...
38 |     fn extract_constraints(eq: ArithEq) -> Vec<ArithConstraint> {
   |        ^^^^^^^^^^^^^^^^^^^
   |
   = note: `#[warn(dead_code)]` (part of `#[warn(unused)]`) on by default

warning: `cadhr-lang` (lib test) generated 3 warnings (run `cargo fix --lib -p cadhr-lang --tests` to apply 2 suggestions)
    Finished `test` profile [optimized + debuginfo] target(s) in 4.19s
     Running unittests src/lib.rs (target/debug/deps/cadhr_lang-bf096181759b23e1)

running 75 tests
test term_rewrite::tests::db_var_matches_constant_query ... ok
test term_rewrite::tests::deep_struct_on_db ... ok
test term_rewrite::tests::deep_struct_on_query ... ok
test term_rewrite::tests::arith_with_user_defined_rule ... ok
test term_rewrite::tests::clause_ref_inside_translate ... ok
test term_rewrite::tests::clause_ref_inside_scale ... ok
test term_rewrite::tests::list_empty_match ... ok
test term_rewrite::tests::grandparent_rule ... ok
test term_rewrite::tests::fail_unmatched ... FAILED
test term_rewrite::tests::arith_with_pipe_and_rule ... ok
test term_rewrite::tests::arith_with_chained_rules ... ok
test term_rewrite::tests::clause_ref_inside_rotate ... ok
test term_rewrite::tests::list_mismatch ... FAILED
test term_rewrite::tests::list_head_tail_pattern ... ok
test term_rewrite::tests::list_simple_match ... ok
test term_rewrite::tests::list_var_binding ... ok
test term_rewrite::tests::member_first ... ok
test term_rewrite::tests::multiple_usages_of_same_variable ... ok
test term_rewrite::tests::query_var_binds_to_constant_fact ... ok
test term_rewrite::tests::recursive_unify_multiple_args ... ok
test term_rewrite::tests::nested_transforms_with_clause_ref ... ok
test term_rewrite::tests::recursive_unify_nested_struct_match ... ok
test term_rewrite::tests::recursive_unify_multiple_args_one_mismatch ... FAILED
test term_rewrite::tests::recursive_unify_nested_struct_mismatch_functor ... FAILED
test term_rewrite::tests::recursive_unify_nested_struct_mismatch_inner ... FAILED
test term_rewrite::tests::recursive_unify_query_var_binds_in_nested ... ok
test term_rewrite::tests::recursive_unify_three_levels_deep ... ok
test term_rewrite::tests::recursive_unify_var_in_nested_struct ... ok
test term_rewrite::tests::recursive_unify_var_at_deep_level ... ok
test term_rewrite::tests::recursive_unify_three_levels_deep_mismatch ... FAILED
test term_rewrite::tests::resolved_goals_returned ... ok
test term_rewrite::tests::rule_chain_with_var_binding ... ok
test term_rewrite::tests::rule_chain_three_levels ... ok
test term_rewrite::tests::rule_chain_two_levels ... ok
test term_rewrite::tests::rule_fails_first_subgoal ... FAILED
test term_rewrite::tests::rule_fails_no_matching_fact ... FAILED
test term_rewrite::tests::rule_mixed_with_facts ... ignored
test term_rewrite::tests::rule_multiple_goals ... ignored
test term_rewrite::tests::rule_multiple_goals_with_var ... ignored
test term_rewrite::tests::rule_shared_variable_propagation ... ignored
test term_rewrite::tests::rule_fails_second_subgoal ... FAILED
test term_rewrite::tests::rule_head_with_struct_var_query ... ok
test term_rewrite::tests::rule_head_with_struct ... ok
test term_rewrite::tests::rule_shared_variable_in_body ... ok
test term_rewrite::tests::rule_single_goal ... ok
test term_rewrite::tests::rule_single_goal_with_var_query ... ok
test term_rewrite::tests::rule_three_args ... ok
test term_rewrite::tests::rule_with_nested_struct_in_fact ... ok
test term_rewrite::tests::simple_atom_match ... ok
test term_rewrite::tests::rule_with_deeply_nested_struct ... ok
test term_rewrite::tests::rule_with_nested_struct_var_binding ... ok
test term_rewrite::tests::sample_rule ... ok
test term_rewrite::tests::test_arith_compound_expr ... ok
test term_rewrite::tests::test_arith_both_sides_expr ... ok
test term_rewrite::tests::test_arith_expr_before_var ... ok
test term_rewrite::tests::test_arith_in_rule ... ok
test term_rewrite::tests::test_arith_multiple_vars_order ... ok
test term_rewrite::tests::test_arith_nested_expr ... ok
test term_rewrite::tests::test_arith_precedence ... ok
test term_rewrite::tests::test_arith_simple_add ... ok
test term_rewrite::tests::test_arith_simple_div ... ok
test term_rewrite::tests::test_arith_simple_mul ... ok
test term_rewrite::tests::test_arith_simple_sub ... ok
test term_rewrite::tests::test_rangevar_intersection ... ok
test term_rewrite::tests::test_arith_with_var ... ok
test term_rewrite::tests::test_rangevar_intersection_empty ... ok
test term_rewrite::tests::test_rangevar_intersection_inclusive_exclusive ... ok
test term_rewrite::tests::test_rangevar_number_boundary_exclusive ... ok
test term_rewrite::tests::test_rangevar_number_boundary_inclusive ... ok
test term_rewrite::tests::test_rangevar_number_in_range ... ok
test term_rewrite::tests::test_rangevar_number_out_of_range ... ok
test term_rewrite::tests::test_unify_fail ... ok
test term_rewrite::tests::test_unify_structs ... ok
test term_rewrite::tests::test_unify_vars ... ok
test term_rewrite::tests::var_to_var_binding ... ok

failures:

---- term_rewrite::tests::fail_unmatched stdout ----

thread 'term_rewrite::tests::fail_unmatched' (2083505) panicked at cadhr-lang/src/term_rewrite.rs:750:9:
Expected failure, got success
note: run with `RUST_BACKTRACE=1` environment variable to display a backtrace

---- term_rewrite::tests::list_mismatch stdout ----

thread 'term_rewrite::tests::list_mismatch' (2083509) panicked at cadhr-lang/src/term_rewrite.rs:750:9:
Expected failure, got success

---- term_rewrite::tests::recursive_unify_multiple_args_one_mismatch stdout ----

thread 'term_rewrite::tests::recursive_unify_multiple_args_one_mismatch' (2083517) panicked at cadhr-lang/src/term_rewrite.rs:750:9:
Expected failure, got success

---- term_rewrite::tests::recursive_unify_nested_struct_mismatch_functor stdout ----

thread 'term_rewrite::tests::recursive_unify_nested_struct_mismatch_functor' (2083519) panicked at cadhr-lang/src/term_rewrite.rs:750:9:
Expected failure, got success

---- term_rewrite::tests::recursive_unify_nested_struct_mismatch_inner stdout ----

thread 'term_rewrite::tests::recursive_unify_nested_struct_mismatch_inner' (2083520) panicked at cadhr-lang/src/term_rewrite.rs:750:9:
Expected failure, got success

---- term_rewrite::tests::recursive_unify_three_levels_deep_mismatch stdout ----

thread 'term_rewrite::tests::recursive_unify_three_levels_deep_mismatch' (2083523) panicked at cadhr-lang/src/term_rewrite.rs:750:9:
Expected failure, got success

---- term_rewrite::tests::rule_fails_first_subgoal stdout ----

thread 'term_rewrite::tests::rule_fails_first_subgoal' (2083530) panicked at cadhr-lang/src/term_rewrite.rs:750:9:
Expected failure, got success

---- term_rewrite::tests::rule_fails_no_matching_fact stdout ----

thread 'term_rewrite::tests::rule_fails_no_matching_fact' (2083531) panicked at cadhr-lang/src/term_rewrite.rs:750:9:
Expected failure, got success

---- term_rewrite::tests::rule_fails_second_subgoal stdout ----

thread 'term_rewrite::tests::rule_fails_second_subgoal' (2083532) panicked at cadhr-lang/src/term_rewrite.rs:750:9:
Expected failure, got success


failures:
    term_rewrite::tests::fail_unmatched
    term_rewrite::tests::list_mismatch
    term_rewrite::tests::recursive_unify_multiple_args_one_mismatch
    term_rewrite::tests::recursive_unify_nested_struct_mismatch_functor
    term_rewrite::tests::recursive_unify_nested_struct_mismatch_inner
    term_rewrite::tests::recursive_unify_three_levels_deep_mismatch
    term_rewrite::tests::rule_fails_first_subgoal
    term_rewrite::tests::rule_fails_no_matching_fact
    term_rewrite::tests::rule_fails_second_subgoal

test result: FAILED. 62 passed; 9 failed; 4 ignored; 0 measured; 48 filtered out; finished in 0.00s

error: test failed, to rerun pass `-p cadhr-lang --lib`
```


ãƒ†ã‚¹ãƒˆã®å¤±æ•—ã¯ã€ä»Šã¾ã§ã€Œãƒ«ãƒ¼ãƒ«ã«ãƒžãƒƒãƒã—ãªã„å ´åˆã¯ã‚¨ãƒ©ãƒ¼ã€ã ã£ãŸã‚‚ã®ãŒã€Œãã®ã¾ã¾è¿”ã™ã€ã«å¤‰ã‚ã£ãŸãŸã‚ã§ã™ã€‚ã“ã‚Œã¯æ„å›³ã—ãŸå¤‰æ›´ã§ã™ãŒã€ãƒ†ã‚¹ãƒˆã®æœŸå¾…å€¤ã‚’ç¢ºèªã™ã‚‹å¿…è¦ãŒã‚ã‚Šã¾ã™ã€‚

å¤±æ•—ã—ã¦ã„ã‚‹ãƒ†ã‚¹ãƒˆã‚’è¦‹ã¦ã¿ã¾ã—ã‚‡ã†ã€‚

 search(grep -A 5 "fn fail_unmatched|fn list_mismatch|fn rule_fails" /Users/tsukimizake/daccad/cadhr-lang/src/term_rewrite.rs) 
1059:    fn fail_unmatched() {
1060-        run_failure("hello.", "bye.");
1061-    }
1062-
1063-    #[test]
1064-    fn db_var_matches_constant_query() {
--
1214:    fn list_mismatch() {
1215-        run_failure("f([a, b]).", "f([a, c]).");
1216-    }
1217-
1218-    #[test]
1219-    fn list_var_binding() {
--
1239:    fn rule_fails_first_subgoal() {
1240-        run_failure("p(X) :- q(X), r(X). q(b). r(a).", "p(a).");
1241-    }
1242-
1243-    #[test]
1244:    fn rule_fails_second_subgoal() {
1245-        run_failure("p(X) :- q(X), r(X). q(a). r(b).", "p(a).");
1246-    }
1247-
1248-    #[test]
1249:    fn rule_fails_no_matching_fact() {
1250-        run_failure("p(X) :- q(X). q(a).", "p(b).");
1251-    }
1252-
1253-    // ===== rule chain tests =====
1254-


ã“ã‚Œã‚‰ã®ãƒ†ã‚¹ãƒˆã¯ã€Œãƒžãƒƒãƒã—ãªã„å ´åˆã«ã‚¨ãƒ©ãƒ¼ã«ãªã‚‹ã“ã¨ã‚’æœŸå¾…ã€ã—ã¦ã„ã¾ã™ãŒã€ç§ã®å¤‰æ›´ã§ã€Œãƒžãƒƒãƒã—ãªã„å ´åˆã¯ãã®ã¾ã¾è¿”ã™ã€ã‚ˆã†ã«å¤‰ã‚ã‚Šã¾ã—ãŸã€‚

ãŸã ã—ã€ã“ã‚Œã¯å•é¡Œã§ã™ã€‚ä¾‹ãˆã° `hello.` ã¨ã„ã†ãƒ‡ãƒ¼ã‚¿ãƒ™ãƒ¼ã‚¹ã«å¯¾ã—ã¦ `bye.` ã¨ã„ã†ã‚¯ã‚¨ãƒªã‚’æŠ•ã’ãŸå ´åˆã€`bye` ã¯è§£æ±ºã§ããªã„ã®ã§ã‚¨ãƒ©ãƒ¼ã«ã™ã¹ãã§ã™ã€‚

å•é¡Œã¯ã€term rewrite ã®è²¬å‹™ã‚’ã©ã†è€ƒãˆã‚‹ã‹ã§ã™ï¼š

1. **ã‚ªãƒ—ã‚·ãƒ§ãƒ³A**: term rewrite ã¯ã™ã¹ã¦ã® term ã‚’è§£æ±ºã§ããªã‘ã‚Œã°ã‚¨ãƒ©ãƒ¼ï¼ˆç¾åœ¨ã®ãƒ†ã‚¹ãƒˆã®æœŸå¾…ï¼‰
2. **ã‚ªãƒ—ã‚·ãƒ§ãƒ³B**: term rewrite ã¯è§£æ±ºã§ãã‚‹ã‚‚ã®ã¯è§£æ±ºã—ã€ã§ããªã„ã‚‚ã®ã¯ãã®ã¾ã¾è¿”ã™ã€‚manifold_bridge ãŒæœ€çµ‚çš„ã«ã€Œã“ã‚Œã¯æœ‰åŠ¹ãªCADã‚ªãƒ–ã‚¸ã‚§ã‚¯ãƒˆã‹ã€ã‚’åˆ¤æ–­ã™ã‚‹

ç¾åœ¨ã®ãƒ†ã‚¹ãƒˆã®æ„å›³ã‹ã‚‰è¦‹ã‚‹ã¨ã€ã‚ªãƒ—ã‚·ãƒ§ãƒ³AãŒæ­£ã—ã„ã‚ˆã†ã§ã™ã€‚ã—ã‹ã— `rotate(cub, 0, 30, 0)` ã®ã‚ˆã†ãªå ´åˆã€`rotate` è‡ªä½“ã¯ãƒ«ãƒ¼ãƒ«ã«ãƒžãƒƒãƒã—ãªã„ãŒã‚¨ãƒ©ãƒ¼ã«ã™ã¹ãã§ã¯ã‚ã‚Šã¾ã›ã‚“ã€‚

æ­£ã—ã„ã‚¢ãƒ—ãƒ­ãƒ¼ãƒã¯ï¼š
- **0å¼•æ•°ã®atom (ä¾‹: `bye`, `hello`)**: ãƒ«ãƒ¼ãƒ«ã«ãƒžãƒƒãƒã—ãªã‘ã‚Œã°ã‚¨ãƒ©ãƒ¼
- **å¼•æ•°ã‚’æŒã¤struct (ä¾‹: `rotate(...)`)**: å¼•æ•°ã‚’å†å¸°çš„ã«è§£æ±ºã—ã¦ãã®ã¾ã¾è¿”ã™

 edit(cadhr-lang/src/term_rewrite.rs) 
```rust
            // å¼•æ•°ã‚’å†å¸°çš„ã«è§£æ±ºã—ã¦ã‹ã‚‰è¿”ã™
            let mut resolved_args = Vec::with_capacity(args.len());
            for arg in args {
                let resolved = rewrite_term_recursive(db, clause_counter, arg, other_goals)?;
                if resolved.len() != 1 {
                    return Err(RewriteError {
                        message: "Struct argument resolved to multiple terms".to_string(),
                        goal: Term::Struct { functor, args: resolved_args },
                    });
            if args.is_empty() {
                // 0å¼•æ•°ã®atomï¼ˆä¾‹: hello, byeï¼‰ã¯ãƒ«ãƒ¼ãƒ«ã«ãƒžãƒƒãƒã—ãªã‘ã‚Œã°ã‚¨ãƒ©ãƒ¼
                Err(RewriteError {
                    message: "no clause matches goal".to_string(),
                    goal: Term::Struct { functor, args },
                })
            } else {
                // å¼•æ•°ã‚’æŒã¤å ´åˆã€å¼•æ•°ã‚’å†å¸°çš„ã«è§£æ±ºã—ã¦ã‹ã‚‰è¿”ã™
                let mut resolved_args = Vec::with_capacity(args.len());
                for arg in args {
                    let resolved = rewrite_term_recursive(db, clause_counter, arg, other_goals)?;
                    if resolved.len() != 1 {
                        return Err(RewriteError {
                            message: "Struct argument resolved to multiple terms".to_string(),
                            goal: Term::Struct { functor: functor.clone(), args: resolved_args },
                        });
                    }
                    resolved_args.push(resolved.into_iter().next().unwrap());
                resolved_args.push(resolved.into_iter().next().unwrap());
                Ok(vec![Term::Struct { functor, args: resolved_args }])
            Ok(vec![Term::Struct { functor, args: resolved_args }])
```




 execute(cargo test -p cadhr-lang --lib term_rewrite 2>&1) 
warning: profiles for the non root package will be ignored, specify profiles at the workspace root:
package:   /Users/tsukimizake/daccad/cadhr-lang/Cargo.toml
workspace: /Users/tsukimizake/daccad/Cargo.toml
   Compiling cadhr-lang v0.1.0 (/Users/tsukimizake/daccad/cadhr-lang)
warning: unused variable: `left`
  --> cadhr-lang/src/constraint.rs:40:23
   |
40 |             ArithEq { left, right } => {
   |                       ^^^^ help: try ignoring the field: `left: _`
   |
   = note: `#[warn(unused_variables)]` (part of `#[warn(unused)]`) on by default

warning: unused variable: `right`
  --> cadhr-lang/src/constraint.rs:40:29
   |
40 |             ArithEq { left, right } => {
   |                             ^^^^^ help: try ignoring the field: `right: _`

warning: associated function `extract_constraints` is never used
  --> cadhr-lang/src/constraint.rs:38:8
   |
29 | impl SolverState {
   | ---------------- associated function in this implementation
...
38 |     fn extract_constraints(eq: ArithEq) -> Vec<ArithConstraint> {
   |        ^^^^^^^^^^^^^^^^^^^
   |
   = note: `#[warn(dead_code)]` (part of `#[warn(unused)]`) on by default

warning: `cadhr-lang` (lib test) generated 3 warnings (run `cargo fix --lib -p cadhr-lang --tests` to apply 2 suggestions)
    Finished `test` profile [optimized + debuginfo] target(s) in 0.95s
     Running unittests src/lib.rs (target/debug/deps/cadhr_lang-bf096181759b23e1)

running 75 tests
test term_rewrite::tests::clause_ref_inside_scale ... ok
test term_rewrite::tests::clause_ref_inside_rotate ... ok
test term_rewrite::tests::arith_with_user_defined_rule ... ok
test term_rewrite::tests::clause_ref_inside_translate ... ok
test term_rewrite::tests::deep_struct_on_db ... ok
test term_rewrite::tests::arith_with_pipe_and_rule ... ok
test term_rewrite::tests::db_var_matches_constant_query ... ok
test term_rewrite::tests::deep_struct_on_query ... ok
test term_rewrite::tests::fail_unmatched ... ok
test term_rewrite::tests::arith_with_chained_rules ... ok
test term_rewrite::tests::list_empty_match ... ok
test term_rewrite::tests::list_head_tail_pattern ... ok
test term_rewrite::tests::grandparent_rule ... ok
test term_rewrite::tests::list_simple_match ... ok
test term_rewrite::tests::list_mismatch ... ok
test term_rewrite::tests::list_var_binding ... ok
test term_rewrite::tests::member_first ... ok
test term_rewrite::tests::multiple_usages_of_same_variable ... ok
test term_rewrite::tests::query_var_binds_to_constant_fact ... ok
test term_rewrite::tests::nested_transforms_with_clause_ref ... ok
test term_rewrite::tests::recursive_unify_multiple_args ... ok
test term_rewrite::tests::recursive_unify_multiple_args_one_mismatch ... ok
test term_rewrite::tests::recursive_unify_nested_struct_match ... ok
test term_rewrite::tests::recursive_unify_nested_struct_mismatch_functor ... ok
test term_rewrite::tests::recursive_unify_nested_struct_mismatch_inner ... ok
test term_rewrite::tests::recursive_unify_query_var_binds_in_nested ... ok
test term_rewrite::tests::recursive_unify_three_levels_deep ... ok
test term_rewrite::tests::recursive_unify_three_levels_deep_mismatch ... ok
test term_rewrite::tests::recursive_unify_var_at_deep_level ... ok
test term_rewrite::tests::recursive_unify_var_in_nested_struct ... ok
test term_rewrite::tests::resolved_goals_returned ... ok
test term_rewrite::tests::rule_chain_three_levels ... ok
test term_rewrite::tests::rule_mixed_with_facts ... ignored
test term_rewrite::tests::rule_chain_with_var_binding ... ok
test term_rewrite::tests::rule_multiple_goals ... ignored
test term_rewrite::tests::rule_multiple_goals_with_var ... ignored
test term_rewrite::tests::rule_shared_variable_propagation ... ignored
test term_rewrite::tests::rule_chain_two_levels ... ok
test term_rewrite::tests::rule_shared_variable_in_body ... ok
test term_rewrite::tests::test_arith_both_sides_expr ... ok
test term_rewrite::tests::test_arith_compound_expr ... ok
test term_rewrite::tests::rule_three_args ... ok
test term_rewrite::tests::test_arith_expr_before_var ... ok
test term_rewrite::tests::test_arith_in_rule ... ok
test term_rewrite::tests::test_arith_multiple_vars_order ... ok
test term_rewrite::tests::test_arith_nested_expr ... ok
test term_rewrite::tests::test_arith_precedence ... ok
test term_rewrite::tests::test_arith_simple_add ... ok
test term_rewrite::tests::test_arith_simple_div ... ok
test term_rewrite::tests::test_arith_simple_mul ... ok
test term_rewrite::tests::test_arith_simple_sub ... ok
test term_rewrite::tests::test_rangevar_intersection ... ok
test term_rewrite::tests::test_arith_with_var ... ok
test term_rewrite::tests::test_rangevar_intersection_empty ... ok
test term_rewrite::tests::test_rangevar_intersection_inclusive_exclusive ... ok
test term_rewrite::tests::test_rangevar_number_boundary_exclusive ... ok
test term_rewrite::tests::test_rangevar_number_boundary_inclusive ... ok
test term_rewrite::tests::sample_rule ... ok
test term_rewrite::tests::test_rangevar_number_in_range ... ok
test term_rewrite::tests::test_rangevar_number_out_of_range ... ok
test term_rewrite::tests::test_unify_fail ... ok
test term_rewrite::tests::simple_atom_match ... ok
test term_rewrite::tests::test_unify_structs ... ok
test term_rewrite::tests::test_unify_vars ... ok
test term_rewrite::tests::var_to_var_binding ... ok
test term_rewrite::tests::rule_single_goal_with_var_query ... ok
test term_rewrite::tests::rule_fails_no_matching_fact ... ok
test term_rewrite::tests::rule_single_goal ... ok
test term_rewrite::tests::rule_with_nested_struct_var_binding ... ok
test term_rewrite::tests::rule_fails_second_subgoal ... ok
test term_rewrite::tests::rule_fails_first_subgoal ... ok
test term_rewrite::tests::rule_head_with_struct_var_query ... ok
test term_rewrite::tests::rule_with_nested_struct_in_fact ... ok
test term_rewrite::tests::rule_with_deeply_nested_struct ... ok
test term_rewrite::tests::rule_head_with_struct ... ok

test result: ok. 71 passed; 0 failed; 4 ignored; 0 measured; 48 filtered out; finished in 0.00s
open terminal failed: not a terminal
open terminal failed: not a terminal


ã™ã¹ã¦ã®ãƒ†ã‚¹ãƒˆãŒé€šã‚Šã¾ã—ãŸã€‚ãƒ¯ãƒ¼ã‚¯ã‚¹ãƒšãƒ¼ã‚¹å…¨ä½“ã®ãƒ“ãƒ«ãƒ‰ã‚‚ç¢ºèªã—ã¾ã™ã€‚

 execute(cargo build 2>&1) 
warning: profiles for the non root package will be ignored, specify profiles at the workspace root:
package:   /Users/tsukimizake/daccad/cadhr-lang/Cargo.toml
workspace: /Users/tsukimizake/daccad/Cargo.toml
   Compiling cadhr-lang v0.1.0 (/Users/tsukimizake/daccad/cadhr-lang)
warning: unused variable: `left`
  --> cadhr-lang/src/constraint.rs:40:23
   |
40 |             ArithEq { left, right } => {
   |                       ^^^^ help: try ignoring the field: `left: _`
   |
   = note: `#[warn(unused_variables)]` (part of `#[warn(unused)]`) on by default

warning: unused variable: `right`
  --> cadhr-lang/src/constraint.rs:40:29
   |
40 |             ArithEq { left, right } => {
   |                             ^^^^^ help: try ignoring the field: `right: _`

warning: associated function `extract_constraints` is never used
  --> cadhr-lang/src/constraint.rs:38:8
   |
29 | impl SolverState {
   | ---------------- associated function in this implementation
...
38 |     fn extract_constraints(eq: ArithEq) -> Vec<ArithConstraint> {
   |        ^^^^^^^^^^^^^^^^^^^
   |
   = note: `#[warn(dead_code)]` (part of `#[warn(unused)]`) on by default

warning: `cadhr-lang` (lib) generated 3 warnings (run `cargo fix --lib -p cadhr-lang` to apply 2 suggestions)
   Compiling cadhr v0.1.0 (/Users/tsukimizake/daccad)
warning: field `request_id` is never read
  --> src/events.rs:15:9
   |
14 | pub struct PreviewGenerated {
   |            ---------------- field in this struct
15 |     pub request_id: u64,
   |         ^^^^^^^^^^
   |
   = note: `#[warn(dead_code)]` (part of `#[warn(unused)]`) on by default

warning: `cadhr` (bin "cadhr") generated 1 warning
    Finished `dev` profile [optimized + debuginfo] target(s) in 9.46s
open terminal failed: not a terminal
open terminal failed: not a terminal


ãƒ“ãƒ«ãƒ‰æˆåŠŸã§ã™ã€‚

## ã¾ã¨ã‚

ä¿®æ­£å†…å®¹:

1. **`is_builtin_primitive` ã¨ `is_builtin_functor` ã®ç‰¹åˆ¥æ‰±ã„ã‚’å‰Šé™¤**: `term_rewrite.rs` ã‹ã‚‰ `manifold_bridge::is_builtin_functor` ã®ã‚¤ãƒ³ãƒãƒ¼ãƒˆã¨ `is_builtin_primitive` é–¢æ•°ã‚’å‰Šé™¤ã—ã¾ã—ãŸã€‚

2. **`rewrite_term_recursive` ã®ãƒ­ã‚¸ãƒƒã‚¯ã‚’ä¿®æ­£**:
   - **`InfixExpr`**: ä¸¡ã‚ªãƒšãƒ©ãƒ³ãƒ‰ã‚’å†å¸°çš„ã«è§£æ±ºã—ã¦ãã®ã¾ã¾è¿”ã™ï¼ˆbuiltin ãƒã‚§ãƒƒã‚¯ãªã—ï¼‰
   - **`Term::Struct`ï¼ˆå¼•æ•°ã‚ã‚Šï¼‰**: å¼•æ•°ã‚’å†å¸°çš„ã«è§£æ±ºã—ã¦ãã®ã¾ã¾è¿”ã™
   - **`Term::Struct`ï¼ˆå¼•æ•°ãªã—ã€atomï¼‰**: ãƒ«ãƒ¼ãƒ«ã«ãƒžãƒƒãƒã—ãªã‘ã‚Œã°ã‚¨ãƒ©ãƒ¼ï¼ˆ`hello.` ã«å¯¾ã—ã¦ `bye.` ã¯å¤±æ•—ã™ã¹ãï¼‰
   - **`Term::Number`**: ãã®ã¾ã¾è¿”ã™
   - **`Term::List`**: è¦ç´ ã‚’å†å¸°çš„ã«è§£æ±ºã—ã¦ãã®ã¾ã¾è¿”ã™
   - **`Var`, `RangeVar`**: æœªæŸç¸›ã®ã¾ã¾è¿”ã™ï¼ˆ`manifold_bridge` ã§ãƒã‚§ãƒƒã‚¯ï¼‰

ã“ã‚Œã«ã‚ˆã‚Šã€`rotate(cub, 0, 30, 0)` ã®ã‚ˆã†ãªå ´åˆã« `cub` ãŒæ­£ã—ãè§£æ±ºã•ã‚Œã€builtin functor ã‚’ç‰¹åˆ¥æ‰±ã„ã™ã‚‹å¿…è¦ãŒãªããªã‚Šã¾ã—ãŸã€‚

### ðŸ 2026-02-13 21:57:24
-----


## ï€‡ User - 2026-02-13 22:02:08

å¼•æ•°ã‚ã‚Šã‹ãªã—ã‹ã§ã‚¨ãƒ©ãƒ¼ã«ã™ã‚‹ã‹ã©ã†ã‹ã‚’å¤‰ãˆã¦ã„ã‚‹ã®ã§ã™ã‹ï¼Ÿãã‚Œã¯å¦™ã§ã™ã­ã€‚

   - **`Term::Struct`ï¼ˆå¼•æ•°ã‚ã‚Šï¼‰**: å¼•æ•°ã‚’å†å¸°çš„ã«è§£æ±ºã—ã¦ãã®ã¾ã¾è¿”ã™
   - **`Term::Struct`ï¼ˆå¼•æ•°ãªã—ã€atomï¼‰**: ãƒ«ãƒ¼ãƒ«ã«ãƒžãƒƒãƒã—ãªã‘ã‚Œã°ã‚¨ãƒ©ãƒ¼ï¼ˆ`hello.` ã«å¯¾ã—ã¦ `bye.` ã¯å¤±æ•—ã™ã¹ãï¼‰


### ó±š  Agent - Claude ACP

ãŠã£ã—ã‚ƒã‚‹é€šã‚Šã§ã™ã€‚å¼•æ•°ã®æœ‰ç„¡ã§æŒ™å‹•ã‚’å¤‰ãˆã‚‹ã®ã¯ä¸è‡ªç„¶ã§ã™ã€‚

ã‚ˆãè€ƒãˆã‚‹ã¨ã€`cube(1,1,1)` ã‚‚ `hello` ã‚‚åŒã˜æ‰±ã„ã«ã™ã¹ãã§ã™ã€‚ã©ã¡ã‚‰ã‚‚ãƒ«ãƒ¼ãƒ«ã«ãƒžãƒƒãƒã—ãªã‘ã‚Œã°ãã®ã¾ã¾è¿”ã—ã€æœ€çµ‚çš„ã« `manifold_bridge` ãŒã€Œã“ã‚Œã¯æœ‰åŠ¹ãªCADã‚ªãƒ–ã‚¸ã‚§ã‚¯ãƒˆã‹ã€ã‚’åˆ¤æ–­ã™ã‚Œã°ã„ã„ã¯ãšã§ã™ã€‚

å¤±æ•—ã—ã¦ã„ã‚‹ãƒ†ã‚¹ãƒˆã®æ„å›³ã‚’å†ç¢ºèªã—ã¾ã™ã€‚

 search(grep -A 3 "fn fail_unmatched|fn list_mismatch|fn recursive_unify.*mismatch|fn rule_fails" /Users/tsukimizake/daccad/cadhr-lang/src/term_rewrite.rs) 
1067:    fn fail_unmatched() {
1068-        run_failure("hello.", "bye.");
1069-    }
1070-
--
1117:    fn recursive_unify_nested_struct_mismatch_inner() {
1118-        run_failure("f(a(b)).", "f(a(c)).");
1119-    }
1120-
--
1122:    fn recursive_unify_nested_struct_mismatch_functor() {
1123-        run_failure("f(a(b)).", "f(c(b)).");
1124-    }
1125-
--
1145:    fn recursive_unify_multiple_args_one_mismatch() {
1146-        run_failure("f(a(b), c(d)).", "f(a(b), c(e)).");
1147-    }
1148-
--
1156:    fn recursive_unify_three_levels_deep_mismatch() {
1157-        run_failure("f(a(b(c))).", "f(a(b(d))).");
1158-    }
1159-
--
1222:    fn list_mismatch() {
1223-        run_failure("f([a, b]).", "f([a, c]).");
1224-    }
1225-
--
1247:    fn rule_fails_first_subgoal() {
1248-        run_failure("p(X) :- q(X), r(X). q(b). r(a).", "p(a).");
1249-    }
1250-
--
1252:    fn rule_fails_second_subgoal() {
1253-        run_failure("p(X) :- q(X), r(X). q(a). r(b).", "p(a).");
1254-    }
1255-
--
1257:    fn rule_fails_no_matching_fact() {
1258-        run_failure("p(X) :- q(X). q(a).", "p(b).");
1259-    }
1260-


ã“ã‚Œã‚‰ã®ãƒ†ã‚¹ãƒˆã‚’è¦‹ã‚‹ã¨:

- `fail_unmatched`: `hello.` ã«å¯¾ã—ã¦ `bye.` â†’ unify ã§å¤±æ•—ã™ã¹ã
- `recursive_unify_nested_struct_mismatch_inner`: `f(a(b)).` ã«å¯¾ã—ã¦ `f(a(c)).` â†’ unify ã§å¤±æ•—ã™ã¹ã
- `rule_fails_*`: ãƒ«ãƒ¼ãƒ«ã®bodyã®ä¸€éƒ¨ãŒãƒžãƒƒãƒã—ãªã„ â†’ ã‚¨ãƒ©ãƒ¼

ã“ã‚Œã‚‰ã¯ã™ã¹ã¦ **unify ã®æ®µéšŽã§å¤±æ•—ã™ã¹ã** ã‚±ãƒ¼ã‚¹ã§ã™ã€‚ã¤ã¾ã‚Š `rewrite_term_recursive` ã®æœ€åˆã® `try_rewrite_single_with_result` ã§ãƒžãƒƒãƒã‚’è©¦ã¿ã‚‹éš›ã«ã€unify ãŒå¤±æ•—ã—ã¦ãƒžãƒƒãƒã—ãªã„ã“ã¨ã‚’æ¤œå‡ºã—ã¦ã„ã¾ã™ã€‚

å•é¡Œã¯ã€`try_rewrite_single_with_result` ãŒãƒžãƒƒãƒã—ãªã‹ã£ãŸå ´åˆã«ã€ã©ã†ã™ã‚‹ã‹ã§ã™ï¼š
- ç¾åœ¨ï¼šã€Œãƒžãƒƒãƒã™ã‚‹ãƒ«ãƒ¼ãƒ«ãŒãªã‹ã£ãŸã€â†’ ã‚µãƒ–ã‚¿ãƒ¼ãƒ ã‚’å†å¸°çš„ã«è§£æ±º
- æ­£ã—ã„å‹•ä½œï¼šåŒã˜åå‰ã®ãƒ«ãƒ¼ãƒ«ãŒã‚ã‚‹ãŒ unify ã«å¤±æ•—ã—ãŸå ´åˆã¯ã‚¨ãƒ©ãƒ¼ã€ãƒ«ãƒ¼ãƒ«è‡ªä½“ãŒå­˜åœ¨ã—ãªã„å ´åˆã¯ã‚µãƒ–ã‚¿ãƒ¼ãƒ ã‚’è§£æ±º

å®Ÿéš›ã®ãƒ†ã‚¹ãƒˆã‚±ãƒ¼ã‚¹ã‚’ç¢ºèªã—ã¾ã™ã€‚

`fail_unmatched`: DB ã« `hello.` ãŒã‚ã‚Šã€ã‚¯ã‚¨ãƒªãŒ `bye.` 
â†’ `bye` ã¨ã„ã†åå‰ã®ãƒ«ãƒ¼ãƒ«ã¯å­˜åœ¨ã—ãªã„ â†’ ã“ã‚Œã¯ã€Œãƒ«ãƒ¼ãƒ«ãŒå­˜åœ¨ã—ãªã„ã€ã‚±ãƒ¼ã‚¹

`recursive_unify_nested_struct_mismatch_inner`: DB ã« `f(a(b)).` ãŒã‚ã‚Šã€ã‚¯ã‚¨ãƒªãŒ `f(a(c)).`
â†’ `f` ã¨ã„ã†åå‰ã®ãƒ«ãƒ¼ãƒ«ã¯å­˜åœ¨ã™ã‚‹ãŒã€unify ã«å¤±æ•— â†’ ã“ã‚Œã¯ã‚¨ãƒ©ãƒ¼ã«ã™ã¹ã

ã¤ã¾ã‚Šã€ã€ŒåŒã˜ functor åã®ãƒ«ãƒ¼ãƒ«ãŒå­˜åœ¨ã™ã‚‹ã‹ã©ã†ã‹ã€ã§åˆ¤æ–­ã™ã‚‹å¿…è¦ãŒã‚ã‚Šãã†ã§ã™ã€‚ã§ã‚‚ã“ã‚Œã‚‚è¤‡é›‘ã«ãªã‚Šã¾ã™ã€‚

ã‚‚ã†ä¸€åº¦è€ƒãˆç›´ã™ã¨ã€CADè¨€èªžã¨ã—ã¦ã®ç”¨é€”ã§ã¯ï¼š
- `cube(1,1,1)` â†’ builtin primitiveã€ãã®ã¾ã¾è¿”ã™
- `myshape` â†’ ãƒ¦ãƒ¼ã‚¶ãƒ¼å®šç¾©ã®ãƒ«ãƒ¼ãƒ«ã€è§£æ±ºã™ã‚‹
- `rotate(myshape, 0, 30, 0)` â†’ rotate ã¯ builtinã€å¼•æ•°ã® myshape ã‚’è§£æ±ºã™ã‚‹

ç¾åœ¨ã®å•é¡Œã¯ã€`f(a(b)).` ã«å¯¾ã—ã¦ `f(a(c)).` ã‚’ã‚¯ã‚¨ãƒªã—ãŸå ´åˆã«ã€unify ãŒå¤±æ•—ã™ã‚‹ã®ã«æˆåŠŸæ‰±ã„ã«ãªã‚‹ã“ã¨ã§ã™ã€‚

å®Ÿã¯ã€ã“ã‚Œã¯ `try_rewrite_single_with_result` ã®å•é¡Œã§ã¯ãªãã€ã€Œãƒ«ãƒ¼ãƒ«ã«ãƒžãƒƒãƒã—ãªã‹ã£ãŸå ´åˆã«å¼•æ•°ã‚’å†å¸°çš„ã«è§£æ±ºã™ã‚‹ã€ã¨ã„ã†ãƒ­ã‚¸ãƒƒã‚¯ã®å•é¡Œã§ã™ã€‚`f(a(c))` ã¯ DB ã® `f(a(b))` ã¨ãƒžãƒƒãƒã—ãªã„ã®ã§ã€ã€Œãƒžãƒƒãƒã—ãªã‹ã£ãŸã€æ‰±ã„ã«ãªã‚Šã€å¼•æ•° `a(c)` ã‚’å†å¸°çš„ã«è§£æ±ºã—ã‚ˆã†ã¨ã—ã¾ã™ã€‚`a(c)` ã‚‚ãƒžãƒƒãƒã—ãªã„ã®ã§... ã¨ã„ã†æµã‚Œã§ã™ã€‚

æ ¹æœ¬çš„ã«ã€ã€Œãƒ«ãƒ¼ãƒ«ã«ãƒžãƒƒãƒã™ã‚‹ã‹ãƒˆãƒ©ã‚¤ã—ã¦ã€å¤±æ•—ã—ãŸã‚‰ãã®ã¾ã¾è¿”ã™ã€ã¨ã„ã†ãƒ­ã‚¸ãƒƒã‚¯ã¯ã€Prolog çš„ãª closed world assumption ã¨çŸ›ç›¾ã—ã¦ã„ã¾ã™ã€‚

CAD è¨€èªžã¨ã—ã¦å¿…è¦ãªã®ã¯ï¼š
1. builtin functor (cube, rotate, etc.) ã¯ãã®ã¾ã¾è¿”ã™ï¼ˆå¼•æ•°ã¯è§£æ±ºï¼‰
2. ãƒ¦ãƒ¼ã‚¶ãƒ¼å®šç¾©ã®ãƒ«ãƒ¼ãƒ«ã¯è§£æ±ºã™ã‚‹
3. ã©ã¡ã‚‰ã§ã‚‚ãªã„ã‚‚ã®ã¯ã‚¨ãƒ©ãƒ¼

çµå±€ã€builtin ã®ç‰¹åˆ¥æ‰±ã„ã¯å¿…è¦ãªã®ã‹ã‚‚ã—ã‚Œã¾ã›ã‚“ã€‚ãŸã ã—ã€`is_builtin_functor` ã§ãƒã‚§ãƒƒã‚¯ã™ã‚‹ã®ã§ã¯ãªãã€ã€Œãƒ«ãƒ¼ãƒ«ã«ãƒžãƒƒãƒã—ãªã‹ã£ãŸå ´åˆã€å¼•æ•°ã‚’æŒã¤ struct ãªã‚‰ãã®ã¾ã¾è¿”ã—ã€0å¼•æ•°ã® atom ãªã‚‰ã‚¨ãƒ©ãƒ¼ã€ã¨ã„ã†ç¾åœ¨ã®ãƒ­ã‚¸ãƒƒã‚¯ã¯ã€å®Ÿè³ªçš„ã«åŒã˜ã“ã¨ã‚’ã—ã¦ã„ã¾ã™ã€‚

ãŸã ã€`f(a(c))` ã®ã‚ˆã†ãªã‚±ãƒ¼ã‚¹ãŒå•é¡Œã§ã™ã€‚`f` ã¨ã„ã†ãƒ«ãƒ¼ãƒ«ãŒ DB ã«ã‚ã‚‹ã®ã«ãƒžãƒƒãƒã—ãªã‹ã£ãŸå ´åˆã€ã‚¨ãƒ©ãƒ¼ã«ã™ã¹ãã§ã™ã€‚

 read(cadhr-lang/src/term_rewrite.rs) 
Read 65 lines


ã‚ˆã‚Šæ­£ç¢ºãªã‚¢ãƒ—ãƒ­ãƒ¼ãƒã‚’è€ƒãˆã¾ã™ã€‚`try_rewrite_single_with_result` ã¯ã€Œãƒžãƒƒãƒã™ã‚‹ãƒ«ãƒ¼ãƒ«ãŒã‚ã‚Œã°ãã‚Œã‚’è¿”ã—ã€ãªã‘ã‚Œã° None ã‚’è¿”ã™ã€ã¨ã„ã†é–¢æ•°ã§ã™ã€‚

å•é¡Œã¯ã€ŒåŒã˜ functor åã®ãƒ«ãƒ¼ãƒ«ãŒå­˜åœ¨ã™ã‚‹ãŒ unify ã«å¤±æ•—ã—ãŸã€å ´åˆã¨ã€Œãã‚‚ãã‚‚ãã® functor åã®ãƒ«ãƒ¼ãƒ«ãŒå­˜åœ¨ã—ãªã„ã€å ´åˆã‚’åŒºåˆ¥ã™ã‚‹ã“ã¨ã§ã™ã€‚

ä¿®æ­£æ–¹é‡ï¼š
1. `try_rewrite_single_with_result` ã‚’ã€ŒåŒã˜ functor åã®ãƒ«ãƒ¼ãƒ«ãŒå­˜åœ¨ã™ã‚‹ã‹ã€ã‚‚è¿”ã™ã‚ˆã†ã«å¤‰æ›´
2. åŒã˜ functor åã®ãƒ«ãƒ¼ãƒ«ãŒå­˜åœ¨ã™ã‚‹ã®ã«ãƒžãƒƒãƒã—ãªã‹ã£ãŸ â†’ ã‚¨ãƒ©ãƒ¼
3. ãã‚‚ãã‚‚ãã® functor åã®ãƒ«ãƒ¼ãƒ«ãŒå­˜åœ¨ã—ãªã„ â†’ å¼•æ•°ã‚’å†å¸°çš„ã«è§£æ±ºã—ã¦ãã®ã¾ã¾è¿”ã™

### ðŸ›‘ Generation stopped by the user request

### ðŸ 2026-02-13 22:02:49
-----


## ï€‡ User - 2026-02-13 22:16:57

builtinã‚’å¸¸ã«factã¨ã—ã¦ä¸Žãˆã¦ã‚„ã‚‹æ–¹é‡ã¯ã©ã†ã§ã—ã‚‡ã†ï¼Ÿ

- **Referenced files**:
  - @cadhr-lang/src/term_rewrite.rs


### ó±š  Agent - Claude ACP

ãªã‚‹ã»ã©ã€ãã‚Œã¯è‰¯ã„ã‚¢ã‚¤ãƒ‡ã‚¢ã§ã™ã€‚`cube(X,Y,Z).` ã‚„ `rotate(E,X,Y,Z).` ã®ã‚ˆã†ãª fact ã‚’æš—é»™çš„ã« DB ã«è¿½åŠ ã™ã‚Œã°ã€builtin ã®ç‰¹åˆ¥æ‰±ã„ãŒä¸è¦ã«ãªã‚Šã¾ã™ã€‚

ãŸã ã—ã€ä»»æ„ã®å¼•æ•°ã‚’å—ã‘å…¥ã‚Œã‚‹ fact ã‚’ã©ã†è¡¨ç¾ã™ã‚‹ã‹ãŒå•é¡Œã§ã™ã€‚Prolog çš„ã«ã¯å¤‰æ•°ã‚’ä½¿ãˆã°ã„ã„ã®ã§ã™ãŒã€ãã‚Œã ã¨ unify æ™‚ã«å¤‰æ•°ãŒæŸç¸›ã•ã‚Œã¦ã—ã¾ã„ã¾ã™ã€‚

ã‚‚ã†ä¸€ã¤ã®ã‚¢ãƒ—ãƒ­ãƒ¼ãƒï¼š`execute` ã®æœ€åˆã« builtin ã® fact ã‚’ DB ã«è¿½åŠ ã™ã‚‹ã€‚

 read(cadhr-lang/src/manifold_bridge.rs) 
Read 53 lines


builtin fact ã‚’ç”Ÿæˆã™ã‚‹é–¢æ•°ã‚’ä½œã‚Šã€`execute` ã§ DB ã«è¿½åŠ ã™ã‚‹æ–¹é‡ã§å®Ÿè£…ã—ã¾ã™ã€‚

 read(cadhr-lang/src/term_rewrite.rs) 
Read 35 lines




 edit(cadhr-lang/src/term_rewrite.rs) 
```rust
use crate::parse::{ArithOp, Bound, Clause, Term, list, number, range_var};
use crate::parse::{ArithOp, Bound, Clause, Term, list, number, range_var, var, struc};
```




 edit(cadhr-lang/src/term_rewrite.rs) 
```rust
/// builtin functor ã® fact ã‚’ç”Ÿæˆã™ã‚‹
/// ä¾‹: cube(X, Y, Z). sphere(R). rotate(E, X, Y, Z). ãªã©
fn generate_builtin_facts() -> Vec<Clause> {
    vec![
        // Primitives
        Clause::Fact(struc("cube".into(), vec![var("X".into()), var("Y".into()), var("Z".into())])),
        Clause::Fact(struc("sphere".into(), vec![var("R".into())])),
        Clause::Fact(struc("sphere".into(), vec![var("R".into()), var("S".into())])),
        Clause::Fact(struc("cylinder".into(), vec![var("R".into()), var("H".into())])),
        Clause::Fact(struc("cylinder".into(), vec![var("R".into()), var("H".into()), var("S".into())])),
        Clause::Fact(struc("tetrahedron".into(), vec![])),
        // CSG
        Clause::Fact(struc("union".into(), vec![var("A".into()), var("B".into())])),
        Clause::Fact(struc("difference".into(), vec![var("A".into()), var("B".into())])),
        Clause::Fact(struc("intersection".into(), vec![var("A".into()), var("B".into())])),
        // Transforms
        Clause::Fact(struc("translate".into(), vec![var("E".into()), var("X".into()), var("Y".into()), var("Z".into())])),
        Clause::Fact(struc("scale".into(), vec![var("E".into()), var("X".into()), var("Y".into()), var("Z".into())])),
        Clause::Fact(struc("rotate".into(), vec![var("E".into()), var("X".into()), var("Y".into()), var("Z".into())])),
    ]
}

    // builtin facts ã‚’ DB ã®æœ«å°¾ã«è¿½åŠ ï¼ˆãƒ¦ãƒ¼ã‚¶ãƒ¼å®šç¾©ãŒå„ªå…ˆã•ã‚Œã‚‹ã‚ˆã†ã«ï¼‰
    let mut full_db: Vec<Clause> = db.to_vec();
    full_db.extend(generate_builtin_facts());

        let resolved = rewrite_term_recursive(db, &mut clause_counter, term, &mut other_goals)?;
        let resolved = rewrite_term_recursive(&full_db, &mut clause_counter, term, &mut other_goals)?;
```


æ¬¡ã«ã€å¼•æ•°ã®æœ‰ç„¡ã§åˆ†å²ã—ã¦ã„ãŸéƒ¨åˆ†ã‚’æˆ»ã—ã¦ã€å¸¸ã«ã‚¨ãƒ©ãƒ¼ã«ã™ã‚‹ã‚ˆã†ã«ã—ã¾ã™ã€‚

 edit(cadhr-lang/src/term_rewrite.rs) 
```rust
            if args.is_empty() {
                // 0å¼•æ•°ã®atomï¼ˆä¾‹: hello, byeï¼‰ã¯ãƒ«ãƒ¼ãƒ«ã«ãƒžãƒƒãƒã—ãªã‘ã‚Œã°ã‚¨ãƒ©ãƒ¼
                Err(RewriteError {
                    message: "no clause matches goal".to_string(),
                    goal: Term::Struct { functor, args },
                })
            } else {
                // å¼•æ•°ã‚’æŒã¤å ´åˆã€å¼•æ•°ã‚’å†å¸°çš„ã«è§£æ±ºã—ã¦ã‹ã‚‰è¿”ã™
                let mut resolved_args = Vec::with_capacity(args.len());
                for arg in args {
                    let resolved = rewrite_term_recursive(db, clause_counter, arg, other_goals)?;
                    if resolved.len() != 1 {
                        return Err(RewriteError {
                            message: "Struct argument resolved to multiple terms".to_string(),
                            goal: Term::Struct { functor: functor.clone(), args: resolved_args },
                        });
                    }
                    resolved_args.push(resolved.into_iter().next().unwrap());
                }
                Ok(vec![Term::Struct { functor, args: resolved_args }])
            }
            // ãƒ«ãƒ¼ãƒ«ã«ãƒžãƒƒãƒã—ãªã‘ã‚Œã°ã‚¨ãƒ©ãƒ¼
            Err(RewriteError {
                message: "no clause matches goal".to_string(),
                goal: Term::Struct { functor, args },
            })
```


ãƒ†ã‚¹ãƒˆã‚’å®Ÿè¡Œã—ã¾ã™ã€‚

 execute(cargo test -p cadhr-lang --lib term_rewrite 2>&1) 
```
Exit code 101
open terminal failed: not a terminal
open terminal failed: not a terminal

warning: profiles for the non root package will be ignored, specify profiles at the workspace root:
package:   /Users/tsukimizake/daccad/cadhr-lang/Cargo.toml
workspace: /Users/tsukimizake/daccad/Cargo.toml
   Compiling cadhr-lang v0.1.0 (/Users/tsukimizake/daccad/cadhr-lang)
warning: unused variable: `left`
  --> cadhr-lang/src/constraint.rs:40:23
   |
40 |             ArithEq { left, right } => {
   |                       ^^^^ help: try ignoring the field: `left: _`
   |
   = note: `#[warn(unused_variables)]` (part of `#[warn(unused)]`) on by default

warning: unused variable: `right`
  --> cadhr-lang/src/constraint.rs:40:29
   |
40 |             ArithEq { left, right } => {
   |                             ^^^^^ help: try ignoring the field: `right: _`

warning: associated function `extract_constraints` is never used
  --> cadhr-lang/src/constraint.rs:38:8
   |
29 | impl SolverState {
   | ---------------- associated function in this implementation
...
38 |     fn extract_constraints(eq: ArithEq) -> Vec<ArithConstraint> {
   |        ^^^^^^^^^^^^^^^^^^^
   |
   = note: `#[warn(dead_code)]` (part of `#[warn(unused)]`) on by default

warning: `cadhr-lang` (lib test) generated 3 warnings (run `cargo fix --lib -p cadhr-lang --tests` to apply 2 suggestions)
    Finished `test` profile [optimized + debuginfo] target(s) in 2.13s
     Running unittests src/lib.rs (target/debug/deps/cadhr_lang-bf096181759b23e1)

running 75 tests
test term_rewrite::tests::deep_struct_on_query ... ok
test term_rewrite::tests::db_var_matches_constant_query ... ok
test term_rewrite::tests::arith_with_pipe_and_rule ... ok
test term_rewrite::tests::arith_with_chained_rules ... ok
test term_rewrite::tests::clause_ref_inside_scale ... FAILED
test term_rewrite::tests::clause_ref_inside_rotate ... FAILED
test term_rewrite::tests::fail_unmatched ... ok
test term_rewrite::tests::deep_struct_on_db ... ok
test term_rewrite::tests::clause_ref_inside_translate ... FAILED
test term_rewrite::tests::grandparent_rule ... ok
test term_rewrite::tests::arith_with_user_defined_rule ... ok
test term_rewrite::tests::list_empty_match ... ok
test term_rewrite::tests::list_head_tail_pattern ... ok
test term_rewrite::tests::list_mismatch ... ok
test term_rewrite::tests::list_simple_match ... ok
test term_rewrite::tests::list_var_binding ... ok
test term_rewrite::tests::member_first ... ok
test term_rewrite::tests::multiple_usages_of_same_variable ... ok
test term_rewrite::tests::query_var_binds_to_constant_fact ... ok
test term_rewrite::tests::nested_transforms_with_clause_ref ... FAILED
test term_rewrite::tests::recursive_unify_multiple_args ... ok
test term_rewrite::tests::recursive_unify_nested_struct_match ... ok
test term_rewrite::tests::recursive_unify_multiple_args_one_mismatch ... ok
test term_rewrite::tests::recursive_unify_nested_struct_mismatch_functor ... ok
test term_rewrite::tests::recursive_unify_nested_struct_mismatch_inner ... ok
test term_rewrite::tests::recursive_unify_query_var_binds_in_nested ... ok
test term_rewrite::tests::recursive_unify_three_levels_deep ... ok
test term_rewrite::tests::recursive_unify_var_at_deep_level ... ok
test term_rewrite::tests::recursive_unify_three_levels_deep_mismatch ... ok
test term_rewrite::tests::recursive_unify_var_in_nested_struct ... ok
test term_rewrite::tests::rule_mixed_with_facts ... ignored
test term_rewrite::tests::rule_multiple_goals ... ignored
test term_rewrite::tests::rule_multiple_goals_with_var ... ignored
test term_rewrite::tests::resolved_goals_returned ... ok
test term_rewrite::tests::rule_chain_two_levels ... ok
test term_rewrite::tests::rule_shared_variable_propagation ... ignored
test term_rewrite::tests::rule_chain_three_levels ... ok
test term_rewrite::tests::rule_chain_with_var_binding ... ok
test term_rewrite::tests::rule_fails_no_matching_fact ... ok
test term_rewrite::tests::rule_fails_first_subgoal ... ok
test term_rewrite::tests::rule_fails_second_subgoal ... ok
test term_rewrite::tests::rule_head_with_struct ... ok
test term_rewrite::tests::rule_shared_variable_in_body ... ok
test term_rewrite::tests::rule_head_with_struct_var_query ... ok
test term_rewrite::tests::rule_single_goal_with_var_query ... ok
test term_rewrite::tests::rule_three_args ... ok
test term_rewrite::tests::simple_atom_match ... ok
test term_rewrite::tests::rule_with_nested_struct_in_fact ... ok
test term_rewrite::tests::sample_rule ... ok
test term_rewrite::tests::rule_with_nested_struct_var_binding ... ok
test term_rewrite::tests::test_arith_both_sides_expr ... ok
test term_rewrite::tests::test_arith_expr_before_var ... ok
test term_rewrite::tests::test_arith_compound_expr ... ok
test term_rewrite::tests::rule_single_goal ... ok
test term_rewrite::tests::rule_with_deeply_nested_struct ... ok
test term_rewrite::tests::test_arith_in_rule ... ok
test term_rewrite::tests::test_arith_multiple_vars_order ... ok
test term_rewrite::tests::test_arith_nested_expr ... ok
test term_rewrite::tests::test_arith_precedence ... ok
test term_rewrite::tests::test_arith_simple_add ... ok
test term_rewrite::tests::test_arith_simple_div ... ok
test term_rewrite::tests::test_arith_simple_mul ... ok
test term_rewrite::tests::test_arith_simple_sub ... ok
test term_rewrite::tests::test_arith_with_var ... ok
test term_rewrite::tests::test_rangevar_intersection ... ok
test term_rewrite::tests::test_rangevar_intersection_empty ... ok
test term_rewrite::tests::test_rangevar_intersection_inclusive_exclusive ... ok
test term_rewrite::tests::test_rangevar_number_boundary_exclusive ... ok
test term_rewrite::tests::test_rangevar_number_boundary_inclusive ... ok
test term_rewrite::tests::test_rangevar_number_in_range ... ok
test term_rewrite::tests::test_rangevar_number_out_of_range ... ok
test term_rewrite::tests::test_unify_fail ... ok
test term_rewrite::tests::test_unify_structs ... ok
test term_rewrite::tests::test_unify_vars ... ok
test term_rewrite::tests::var_to_var_binding ... ok

failures:

---- term_rewrite::tests::clause_ref_inside_scale stdout ----

thread 'term_rewrite::tests::clause_ref_inside_scale' (2112629) panicked at cadhr-lang/src/term_rewrite.rs:1475:9:
assertion `left == right` failed
  left: ["scale(ob, 2, 2, 2)"]
 right: ["scale(cylinder(5, 10), 2, 2, 2)"]

---- term_rewrite::tests::clause_ref_inside_rotate stdout ----

thread 'term_rewrite::tests::clause_ref_inside_rotate' (2112628) panicked at cadhr-lang/src/term_rewrite.rs:1452:9:
assertion `left == right` failed
  left: ["(cube(40, 90, 50) - rotate(cub, 0, 30, 0))"]
 right: ["(cube(40, 90, 50) - rotate(cube(40, 90, 50), 0, 30, 0))"]

---- term_rewrite::tests::clause_ref_inside_translate stdout ----

thread 'term_rewrite::tests::clause_ref_inside_translate' (2112630) panicked at cadhr-lang/src/term_rewrite.rs:1465:9:
assertion `left == right` failed
  left: ["translate(ob, 5, 5, 5)"]
 right: ["translate(sphere(10), 5, 5, 5)"]
note: run with `RUST_BACKTRACE=1` environment variable to display a backtrace

---- term_rewrite::tests::nested_transforms_with_clause_ref stdout ----

thread 'term_rewrite::tests::nested_transforms_with_clause_ref' (2112643) panicked at cadhr-lang/src/term_rewrite.rs:1485:9:
assertion `left == right` failed
  left: ["translate(rotate(ob, 0, 45, 0), 10, 0, 0)"]
 right: ["translate(rotate(cube(1, 1, 1), 0, 45, 0), 10, 0, 0)"]


failures:
    term_rewrite::tests::clause_ref_inside_rotate
    term_rewrite::tests::clause_ref_inside_scale
    term_rewrite::tests::clause_ref_inside_translate
    term_rewrite::tests::nested_transforms_with_clause_ref

test result: FAILED. 67 passed; 4 failed; 4 ignored; 0 measured; 48 filtered out; finished in 0.00s

error: test failed, to rerun pass `-p cadhr-lang --lib`
```


å•é¡ŒãŒè¦‹ãˆã¾ã—ãŸã€‚builtin ã® fact ãŒå¤‰æ•°ã‚’æŒã£ã¦ã„ã‚‹ãŸã‚ã€unify ã§å¤‰æ•°ãŒæŸç¸›ã•ã‚Œã¾ã™ãŒã€å¼•æ•°å†…ã®å‚ç…§ï¼ˆ`cub` ãªã©ï¼‰ã¯è§£æ±ºã•ã‚Œã¦ã„ã¾ã›ã‚“ã€‚

builtin fact ã«ãƒžãƒƒãƒã—ãŸå ´åˆã€å¼•æ•°ã‚’å†å¸°çš„ã«è§£æ±ºã™ã‚‹å¿…è¦ãŒã‚ã‚Šã¾ã™ã€‚ã¤ã¾ã‚Šã€fact ã«ãƒžãƒƒãƒã—ã¦ã‚‚å¼•æ•°å†…ã® term ã‚’è§£æ±ºã™ã‚‹å¿…è¦ãŒã‚ã‚Šã¾ã™ã€‚

`try_rewrite_single_with_result` ãŒ fact ã«ãƒžãƒƒãƒã—ãŸã¨ãã€`resolved_term` ã®å¼•æ•°ã‚’å†å¸°çš„ã«è§£æ±ºã™ã‚‹å‡¦ç†ã‚’è¿½åŠ ã—ã¾ã™ã€‚

 read(cadhr-lang/src/term_rewrite.rs) 
Read 65 lines


fact ã«ãƒžãƒƒãƒã—ãŸå ´åˆã‚‚ã€`resolved_term` ã®å¼•æ•°ã‚’å†å¸°çš„ã«è§£æ±ºã™ã‚‹å¿…è¦ãŒã‚ã‚Šã¾ã™ã€‚

 edit(cadhr-lang/src/term_rewrite.rs) 
```rust
            // Factã«ãƒžãƒƒãƒ: ç½®æ›é©ç”¨æ¸ˆã¿ã®é …ã‚’è¿”ã™
            return Ok(vec![resolved_term]);
            // Factã«ãƒžãƒƒãƒ: resolved_term ã®å¼•æ•°ã‚‚å†å¸°çš„ã«è§£æ±ºã™ã‚‹
            let final_term = resolve_term_args(db, clause_counter, resolved_term, other_goals)?;
            return Ok(vec![final_term]);
```


`resolve_term_args` é–¢æ•°ã‚’è¿½åŠ ã—ã¾ã™ã€‚

 read(cadhr-lang/src/term_rewrite.rs) 
Read 25 lines




 edit(cadhr-lang/src/term_rewrite.rs) 
```rust
/// é …ã®å¼•æ•°ã‚’å†å¸°çš„ã«è§£æ±ºã™ã‚‹
fn resolve_term_args(
    db: &[Clause],
    clause_counter: &mut usize,
    term: Term,
    other_goals: &mut Vec<Term>,
) -> Result<Term, RewriteError> {
    match term {
        Term::Struct { functor, args } => {
            let mut resolved_args = Vec::with_capacity(args.len());
            for arg in args {
                let resolved = rewrite_term_recursive(db, clause_counter, arg, other_goals)?;
                if resolved.len() != 1 {
                    return Err(RewriteError {
                        message: "Struct argument resolved to multiple terms".to_string(),
                        goal: Term::Struct { functor: functor.clone(), args: resolved_args },
                    });
                }
                resolved_args.push(resolved.into_iter().next().unwrap());
            }
            Ok(Term::Struct { functor, args: resolved_args })
        }
        Term::InfixExpr { op, left, right } => {
            let left_resolved = rewrite_term_recursive(db, clause_counter, *left, other_goals)?;
            let right_resolved = rewrite_term_recursive(db, clause_counter, *right, other_goals)?;
            if left_resolved.len() != 1 || right_resolved.len() != 1 {
                return Err(RewriteError {
                    message: "InfixExpr operand resolved to multiple terms".to_string(),
                    goal: Term::Number { value: 0 },
                });
            }
            Ok(Term::InfixExpr {
                op,
                left: Box::new(left_resolved.into_iter().next().unwrap()),
                right: Box::new(right_resolved.into_iter().next().unwrap()),
            })
        }
        Term::List { items, tail } => {
            let mut resolved_items = Vec::with_capacity(items.len());
            for item in items {
                let resolved = rewrite_term_recursive(db, clause_counter, item, other_goals)?;
                if resolved.len() != 1 {
                    return Err(RewriteError {
                        message: "List item resolved to multiple terms".to_string(),
                        goal: Term::List { items: resolved_items, tail: None },
                    });
                }
                resolved_items.push(resolved.into_iter().next().unwrap());
            }
            let resolved_tail = if let Some(t) = tail {
                let resolved = rewrite_term_recursive(db, clause_counter, *t, other_goals)?;
                if resolved.len() != 1 {
                    return Err(RewriteError {
                        message: "List tail resolved to multiple terms".to_string(),
                        goal: Term::List { items: resolved_items, tail: None },
                    });
                }
                Some(Box::new(resolved.into_iter().next().unwrap()))
            } else {
                None
            };
            Ok(Term::List { items: resolved_items, tail: resolved_tail })
        }
        // Number, Var, RangeVar ã¯ãã®ã¾ã¾
        other => Ok(other),
    }
}

```


æ¬¡ã«ã€ä¸‹ã®æ–¹ã«ã‚ã‚‹é‡è¤‡ã—ãŸã‚³ãƒ¼ãƒ‰ã‚’å‰Šé™¤ã—ã¦ `Term::Struct` ã®ã‚¨ãƒ©ãƒ¼ã ã‘æ®‹ã—ã¾ã™ã€‚
## ï€‡ User - 2026-02-13 22:18:20

HMåž‹æŽ¨è«–ã®letå¤šç›¸ã®ã‚ˆã†ã«ã€å¤‰æ•°ã‚’æŒ¯ã‚Šç›´ã—ã¦ã—ã¦unifyã™ã‚‹ã®ã¯ã©ã†ã§ã™ã‹ï¼Ÿ


### ó±š  Agent - Claude ACP



 read(cadhr-lang/src/term_rewrite.rs) 
Read 85 lines


ãªã‚‹ã»ã©ã€ãã‚Œã¯è‰¯ã„æ–¹æ³•ã§ã™ã€‚builtin fact ã®å¤‰æ•°ã‚’æ¯Žå›žãƒ•ãƒ¬ãƒƒã‚·ãƒ¥ã«ãƒªãƒãƒ¼ãƒ ã™ã‚Œã°ã€unify ã—ã¦ã‚‚ä»–ã®éƒ¨åˆ†ã«å½±éŸ¿ã—ã¾ã›ã‚“ã€‚

æ—¢ã« `rename_clause_vars` ã¨ã„ã†é–¢æ•°ãŒã‚ã‚Šã€`try_rewrite_single_with_result` ã§ä½¿ã‚ã‚Œã¦ã„ã¾ã™ã€‚

 search(grep -A 5 -B 2 "rename_clause_vars"" /Users/tsukimizake/daccad/cadhr-lang/src/term_rewrite.rs) 
No matches found




 search(grep -A 5 -B 2 "rename_clause_vars" /Users/tsukimizake/daccad/cadhr-lang/src/term_rewrite.rs) 
524-
525-/// ç¯€ã®å¤‰æ•°ã‚’ãƒªãƒãƒ¼ãƒ ã—ã¦è¡çªã‚’é¿ã‘ã‚‹
526:fn rename_clause_vars(clause: &mut Clause, suffix: &str) {
527-    match clause {
528-        Clause::Fact(term) => rename_term_vars(term, suffix),
529-        Clause::Rule { head, body } => {
530-            rename_term_vars(head, suffix);
531-            for t in body.iter_mut() {
--
580-        *clause_counter += 1;
581-        let mut renamed = clause.clone();
582:        rename_clause_vars(&mut renamed, &clause_counter.to_string());
583-
584-        let (head, body) = match &renamed {
585-            Clause::Fact(t) => (t.clone(), vec![]),
586-            Clause::Rule { head, body } => (head.clone(), body.clone()),
587-        };


æ—¢ã« `clause_counter` ã‚’ã‚¤ãƒ³ã‚¯ãƒªãƒ¡ãƒ³ãƒˆã—ã¦ãƒªãƒãƒ¼ãƒ ã—ã¦ã„ã¾ã™ã€‚ã¤ã¾ã‚Š builtin fact ã‚‚ DB ã«è¿½åŠ ã™ã‚Œã°ã€è‡ªå‹•çš„ã«ãƒ•ãƒ¬ãƒƒã‚·ãƒ¥ãªå¤‰æ•°ã«ãƒªãƒãƒ¼ãƒ ã•ã‚Œã¾ã™ã€‚

ãŸã ã€ä»Šã®å•é¡Œã¯ fact ã«ãƒžãƒƒãƒã—ãŸã¨ãã«å¼•æ•°ã‚’è§£æ±ºã—ã¦ã„ãªã„ã“ã¨ã§ã—ãŸã€‚`resolve_term_args` ã‚’è¿½åŠ ã—ãŸã®ã§ã€ãƒ†ã‚¹ãƒˆã—ã¦ã¿ã¾ã™ã€‚

 execute(cargo test -p cadhr-lang --lib term_rewrite 2>&1) 
```
Exit code 101
open terminal failed: not a terminal
open terminal failed: not a terminal

warning: profiles for the non root package will be ignored, specify profiles at the workspace root:
package:   /Users/tsukimizake/daccad/cadhr-lang/Cargo.toml
workspace: /Users/tsukimizake/daccad/Cargo.toml
   Compiling cadhr-lang v0.1.0 (/Users/tsukimizake/daccad/cadhr-lang)
warning: unused variable: `left`
  --> cadhr-lang/src/constraint.rs:40:23
   |
40 |             ArithEq { left, right } => {
   |                       ^^^^ help: try ignoring the field: `left: _`
   |
   = note: `#[warn(unused_variables)]` (part of `#[warn(unused)]`) on by default

warning: unused variable: `right`
  --> cadhr-lang/src/constraint.rs:40:29
   |
40 |             ArithEq { left, right } => {
   |                             ^^^^^ help: try ignoring the field: `right: _`

warning: associated function `extract_constraints` is never used
  --> cadhr-lang/src/constraint.rs:38:8
   |
29 | impl SolverState {
   | ---------------- associated function in this implementation
...
38 |     fn extract_constraints(eq: ArithEq) -> Vec<ArithConstraint> {
   |        ^^^^^^^^^^^^^^^^^^^
   |
   = note: `#[warn(dead_code)]` (part of `#[warn(unused)]`) on by default

warning: `cadhr-lang` (lib test) generated 3 warnings (run `cargo fix --lib -p cadhr-lang --tests` to apply 2 suggestions)
    Finished `test` profile [optimized + debuginfo] target(s) in 0.91s
     Running unittests src/lib.rs (target/debug/deps/cadhr_lang-bf096181759b23e1)

running 75 tests
test term_rewrite::tests::clause_ref_inside_scale ... ok
test term_rewrite::tests::db_var_matches_constant_query ... FAILED
test term_rewrite::tests::arith_with_chained_rules ... ok
test term_rewrite::tests::deep_struct_on_db ... FAILED
test term_rewrite::tests::arith_with_pipe_and_rule ... ok
test term_rewrite::tests::fail_unmatched ... ok
test term_rewrite::tests::deep_struct_on_query ... FAILED
test term_rewrite::tests::list_empty_match ... ok
test term_rewrite::tests::grandparent_rule ... FAILED
test term_rewrite::tests::clause_ref_inside_translate ... ok
test term_rewrite::tests::list_mismatch ... ok
test term_rewrite::tests::list_head_tail_pattern ... FAILED
test term_rewrite::tests::clause_ref_inside_rotate ... ok
test term_rewrite::tests::list_simple_match ... FAILED
test term_rewrite::tests::arith_with_user_defined_rule ... ok
test term_rewrite::tests::list_var_binding ... FAILED
test term_rewrite::tests::member_first ... FAILED
test term_rewrite::tests::multiple_usages_of_same_variable ... FAILED
test term_rewrite::tests::query_var_binds_to_constant_fact ... FAILED
test term_rewrite::tests::recursive_unify_multiple_args_one_mismatch ... ok
test term_rewrite::tests::recursive_unify_nested_struct_match ... FAILED
test term_rewrite::tests::recursive_unify_multiple_args ... FAILED
test term_rewrite::tests::recursive_unify_nested_struct_mismatch_functor ... ok
test term_rewrite::tests::recursive_unify_nested_struct_mismatch_inner ... ok
test term_rewrite::tests::nested_transforms_with_clause_ref ... ok
test term_rewrite::tests::recursive_unify_query_var_binds_in_nested ... FAILED
test term_rewrite::tests::recursive_unify_three_levels_deep_mismatch ... ok
test term_rewrite::tests::recursive_unify_three_levels_deep ... FAILED
test term_rewrite::tests::recursive_unify_var_in_nested_struct ... FAILED
test term_rewrite::tests::recursive_unify_var_at_deep_level ... FAILED
test term_rewrite::tests::resolved_goals_returned ... FAILED
test term_rewrite::tests::rule_chain_two_levels ... FAILED
test term_rewrite::tests::rule_mixed_with_facts ... ignored
test term_rewrite::tests::rule_chain_three_levels ... FAILED
test term_rewrite::tests::rule_multiple_goals ... ignored
test term_rewrite::tests::rule_multiple_goals_with_var ... ignored
test term_rewrite::tests::rule_chain_with_var_binding ... FAILED
test term_rewrite::tests::rule_shared_variable_propagation ... ignored
test term_rewrite::tests::rule_fails_first_subgoal ... ok
test term_rewrite::tests::rule_fails_no_matching_fact ... ok
test term_rewrite::tests::rule_fails_second_subgoal ... ok
test term_rewrite::tests::rule_head_with_struct ... FAILED
test term_rewrite::tests::rule_head_with_struct_var_query ... FAILED
test term_rewrite::tests::rule_shared_variable_in_body ... FAILED
test term_rewrite::tests::rule_single_goal ... FAILED
test term_rewrite::tests::rule_single_goal_with_var_query ... FAILED
test term_rewrite::tests::simple_atom_match ... ok
test term_rewrite::tests::rule_three_args ... FAILED
test term_rewrite::tests::rule_with_nested_struct_var_binding ... FAILED
test term_rewrite::tests::test_arith_both_sides_expr ... ok
test term_rewrite::tests::rule_with_nested_struct_in_fact ... FAILED
test term_rewrite::tests::rule_with_deeply_nested_struct ... FAILED
test term_rewrite::tests::sample_rule ... FAILED
test term_rewrite::tests::test_arith_expr_before_var ... ok
test term_rewrite::tests::test_arith_compound_expr ... ok
test term_rewrite::tests::test_arith_multiple_vars_order ... ok
test term_rewrite::tests::test_arith_in_rule ... ok
test term_rewrite::tests::test_arith_simple_add ... ok
test term_rewrite::tests::test_arith_simple_div ... ok
test term_rewrite::tests::test_arith_precedence ... ok
test term_rewrite::tests::test_arith_simple_mul ... ok
test term_rewrite::tests::test_arith_nested_expr ... ok
test term_rewrite::tests::test_arith_simple_sub ... ok
test term_rewrite::tests::test_rangevar_intersection ... ok
test term_rewrite::tests::test_rangevar_intersection_empty ... ok
test term_rewrite::tests::test_arith_with_var ... ok
test term_rewrite::tests::test_rangevar_intersection_inclusive_exclusive ... ok
test term_rewrite::tests::test_rangevar_number_boundary_exclusive ... ok
test term_rewrite::tests::test_rangevar_number_boundary_inclusive ... ok
test term_rewrite::tests::test_rangevar_number_in_range ... ok
test term_rewrite::tests::test_rangevar_number_out_of_range ... ok
test term_rewrite::tests::test_unify_fail ... ok
test term_rewrite::tests::test_unify_structs ... ok
test term_rewrite::tests::test_unify_vars ... ok

thread 'term_rewrite::tests::var_to_var_binding' (2114729) has overflowed its stack
fatal runtime error: stack overflow, aborting
error: test failed, to rerun pass `-p cadhr-lang --lib`

Caused by:
  process didn't exit successfully: `/Users/tsukimizake/daccad/target/debug/deps/cadhr_lang-bf096181759b23e1 term_rewrite` (signal: 6, SIGABRT: process abort signal)
```


ã‚¹ã‚¿ãƒƒã‚¯ã‚ªãƒ¼ãƒãƒ¼ãƒ•ãƒ­ãƒ¼ãŒç™ºç”Ÿã—ã¦ã„ã¾ã™ã€‚`resolve_term_args` ã§å†å¸°çš„ã« `rewrite_term_recursive` ã‚’å‘¼ã‚“ã§ã„ã‚‹ãŸã‚ã€ç„¡é™ãƒ«ãƒ¼ãƒ—ã«ãªã£ã¦ã„ã¾ã™ã€‚

å•é¡Œã¯ `resolve_term_args` å†…ã§ `rewrite_term_recursive` ã‚’å‘¼ã³ã€ãã®ä¸­ã§å†ã³ fact ã«ãƒžãƒƒãƒã—ã¦ `resolve_term_args` ãŒå‘¼ã°ã‚Œã‚‹...ã¨ã„ã†ç„¡é™å†å¸°ã§ã™ã€‚

è§£æ±ºç­–ï¼šfact ã«ãƒžãƒƒãƒã—ãŸã‚‰ã€ãã®å¼•æ•°ã¯ç›´æŽ¥ `resolve_term_args` ã§è§£æ±ºã—ã€`rewrite_term_recursive` ã‚’ã‚‚ã†ä¸€åº¦å‘¼ã°ãªã„ã€‚ä»£ã‚ã‚Šã« `resolve_term_args` è‡ªèº«ã‚’å†å¸°çš„ã«å‘¼ã¶ã€‚

ãŸã ã—ãã‚Œã ã¨ã€å¼•æ•°å†…ã®ãƒ¦ãƒ¼ã‚¶ãƒ¼å®šç¾©ã®ãƒ«ãƒ¼ãƒ«ãŒè§£æ±ºã•ã‚Œã¾ã›ã‚“ã€‚

å®Ÿéš›ã€fact ã«ãƒžãƒƒãƒã—ãŸã¨ãã¯ã€ã™ã§ã« unify ã«ã‚ˆã£ã¦å¤‰æ•°ãŒç½®æ›ã•ã‚Œã¦ã„ã‚‹ã¯ãšã§ã™ã€‚å•é¡Œã¯ `rotate(cub, 0, 30, 0)` ãŒ `rotate(E, X, Y, Z)` ã«ãƒžãƒƒãƒã™ã‚‹ã¨ã€`cub` ãŒ `E` ã«æŸç¸›ã•ã‚Œã¾ã™ãŒã€`cub` è‡ªä½“ã¯è§£æ±ºã•ã‚Œãªã„ã“ã¨ã§ã™ã€‚

ã‚ˆã‚Šæ­£ç¢ºã«ã¯ï¼š
1. `rotate(cub, 0, 30, 0)` ãŒ builtin fact `rotate(E, X, Y, Z)` ã«ãƒžãƒƒãƒ
2. unify ã«ã‚ˆã‚Š `E=cub`, `X=0`, `Y=30`, `Z=0`
3. `resolved_term` ã¯ `rotate(cub, 0, 30, 0)` ã®ã¾ã¾ï¼ˆunify ã¯ goals ã‚’æ›¸ãæ›ãˆã‚‹ãŒã€term è‡ªä½“ã¯ fact ã® head ã‚’å…ƒã«ã—ã¦ã„ã‚‹ï¼‰

`try_rewrite_single_with_result` ã‚’ç¢ºèªã—ã¾ã™ã€‚

 read(cadhr-lang/src/term_rewrite.rs) 
Read 45 lines


`resolved_term` ã¯ `trial_goals[0]` ã§ã€ã“ã‚Œã¯ç½®æ›ãŒé©ç”¨ã•ã‚ŒãŸå…ƒã® `term` ã§ã™ã€‚ãªã®ã§ `rotate(cub, 0, 30, 0)` ã®ã¾ã¾ã§ã™ã€‚

builtin fact `rotate(E, X, Y, Z)` ã«ãƒžãƒƒãƒã™ã‚‹ã¨ã€`E` ã« `cub` ãŒæŸç¸›ã•ã‚Œã¾ã™ãŒã€`cub` è‡ªä½“ã‚’è§£æ±ºã™ã‚‹å¿…è¦ãŒã‚ã‚Šã¾ã™ã€‚

å•é¡Œã¯ã€`resolve_term_args` ã§ `rewrite_term_recursive` ã‚’å‘¼ã¶ã¨ã€ã¾ãŸ `rotate(...)` ã‚’è§£æ±ºã—ã‚ˆã†ã¨ã—ã¦ãƒ«ãƒ¼ãƒ—ã™ã‚‹ã“ã¨ã§ã™ã€‚

è§£æ±ºç­–ï¼šfact ã«ãƒžãƒƒãƒã—ãŸã¨ãã¯ã€ãã® term è‡ªä½“ã¯è§£æ±ºæ¸ˆã¿ã¨ã¿ãªã—ã€å¼•æ•°ã ã‘ã‚’å€‹åˆ¥ã« `rewrite_term_recursive` ã§è§£æ±ºã™ã‚‹ã€‚ãŸã ã—ã€å†å¸°çš„ã«è‡ªåˆ†è‡ªèº«ã«ãƒžãƒƒãƒã—ãªã„ã‚ˆã†ã«ã€‚

å®Ÿã¯ã€`resolved_term` ã¯æ—¢ã«ç½®æ›ãŒé©ç”¨ã•ã‚Œã¦ã„ã‚‹ã®ã§ã€å¼•æ•°ã® `cub` ã¯ãã®ã¾ã¾ã§ã™ã€‚ã“ã® `cub` ã‚’è§£æ±ºã™ã‚‹å¿…è¦ãŒã‚ã‚Šã¾ã™ã€‚

`resolve_term_args` ã‚’ä¿®æ­£ã—ã¦ã€`Term::Struct` ã®å¼•æ•°ã ã‘ã‚’ `rewrite_term_recursive` ã§è§£æ±ºã™ã‚‹ã‚ˆã†ã«ã—ã¾ã™ã€‚ãŸã ã—ã€`rewrite_term_recursive` ãŒ `rotate(...)` å…¨ä½“ã«ãƒžãƒƒãƒã—ã¦ã—ã¾ã†ã¨ç„¡é™ãƒ«ãƒ¼ãƒ—ã™ã‚‹ã®ã§ã€å¼•æ•°ã ã‘ã‚’è§£æ±ºã™ã‚‹ã‚ˆã†ã«ã—ã¾ã™ã€‚

ç¾çŠ¶ã® `resolve_term_args` ã¯æ­£ã—ãå¼•æ•°ã ã‘ã‚’è§£æ±ºã—ã¦ã„ã‚‹ã¯ãšã§ã™ãŒã€ç„¡é™ãƒ«ãƒ¼ãƒ—ã®åŽŸå› ã‚’èª¿ã¹ã¾ã™ã€‚

```rust
Term::Struct { functor, args } => {
    let mut resolved_args = Vec::with_capacity(args.len());
    for arg in args {
        let resolved = rewrite_term_recursive(db, clause_counter, arg, other_goals)?;
        ...
    }
}
```

ã“ã“ã§ `arg` ãŒ `cub` ã®å ´åˆã€`rewrite_term_recursive` ã§ `cub` ã‚’è§£æ±ºã—ã¾ã™ã€‚`cub` ã¯ DB ã« `cub :- cube(40,90,50).` ã¨ã—ã¦å®šç¾©ã•ã‚Œã¦ã„ã‚‹ã¯ãšãªã®ã§ã€ãã‚Œã«ãƒžãƒƒãƒã—ã¦è§£æ±ºã•ã‚Œã‚‹ã¯ãšã§ã™ã€‚

ãŸã ã—ã€å•é¡Œã¯ `cub` ãŒ 0 å¼•æ•°ã® struct ãªã®ã§ã€builtin fact ã«ã¯ãƒžãƒƒãƒã›ãšã€ãƒ¦ãƒ¼ã‚¶ãƒ¼å®šç¾©ã®ãƒ«ãƒ¼ãƒ«ã«ãƒžãƒƒãƒã—ã¾ã™ã€‚

`var_to_var_binding` ãƒ†ã‚¹ãƒˆã‚’è¦‹ã¦ã¿ã¾ã™ã€‚

 search(grep -A 5 "fn var_to_var_binding" /Users/tsukimizake/daccad/cadhr-lang/src/term_rewrite.rs) 
1162:    fn var_to_var_binding() {
1163-        // DBã®å¤‰æ•°ã¨ã‚¯ã‚¨ãƒªã®å¤‰æ•°ãŒãƒžãƒƒãƒ -> resolved goalã§ã¯å¤‰æ•°ã®ã¾ã¾
1164-        let resolved = run_success("honi(X).", "honi(Y).");
1165-        // Y_1ã®ã‚ˆã†ãªå¤‰æ•°åã«ãªã‚‹
1166-        assert!(resolved[0].starts_with("honi("));
1167-    }


`honi(X).` ã¨ã„ã†ãƒ•ã‚¡ã‚¯ãƒˆã« `honi(Y).` ãŒãƒžãƒƒãƒã™ã‚‹å ´åˆã€`Y` ãŒ `X` ã«æŸç¸›ã•ã‚Œã¾ã™ã€‚ãã—ã¦ `resolved_term` ã¯ `honi(Y)` ã§ã€`Y` ã¯ `X_1` ãªã©ã«ãƒªãƒãƒ¼ãƒ ã•ã‚ŒãŸå¤‰æ•°ã§ã™ã€‚

`resolve_term_args` ã§ã“ã® `Y` (ãƒªãƒãƒ¼ãƒ å¾Œã¯ `X_1` ã¨ã‹) ã‚’è§£æ±ºã—ã‚ˆã†ã¨ã™ã‚‹ã¨ã€å¤‰æ•°ã¯ `rewrite_term_recursive` ã®æœ€å¾Œã® `other => Ok(vec![other])` ã«è½ã¡ã‚‹ã¯ãšã§ã™ãŒ...

å•é¡Œã¯ `rewrite_term_recursive` ã§ `Var` ãŒ `try_rewrite_single_with_result` ã«æ¸¡ã•ã‚Œã‚‹ã¨ã€å¤‰æ•°ã¯ä½•ã«ã§ã‚‚ãƒžãƒƒãƒã™ã‚‹ã®ã§ã€DB ã®æœ€åˆã®ã‚¯ãƒ­ãƒ¼ã‚¸ãƒ£ã«ãƒžãƒƒãƒã—ã¦ã—ã¾ã†å¯èƒ½æ€§ãŒã‚ã‚Šã¾ã™ã€‚

`honi(X).` ã«å¯¾ã—ã¦ `X_1` ã¨ã„ã†å¤‰æ•°ã‚’ãƒžãƒƒãƒã•ã›ã‚‹ã¨ã€`X_1 = honi(X)` ã¨ãªã‚Šã€ã“ã‚Œã¯ occurs check ã§å¤±æ•—ã™ã‚‹ã¯ãš...ã„ã‚„ã€é•ã„ã¾ã™ã€‚`try_rewrite_single_with_result` ã§ã¯ `term` (ã“ã®å ´åˆ `X_1`) ã‚’ `head` (ã“ã®å ´åˆ `honi(X_2)`) ã¨ unify ã—ã¾ã™ã€‚

å¤‰æ•° `X_1` ã¨ `honi(X_2)` ã‚’ unify ã™ã‚‹ã¨ã€`X_1 = honi(X_2)` ã¨ãªã‚Šã¾ã™ã€‚ã“ã‚Œã¯ occurs check ã‚’é€šéŽã—ã€æˆåŠŸã—ã¾ã™ã€‚ãã—ã¦ `resolved_term` ã¯ `honi(X_2)` ã«ãªã‚Šã¾ã™ã€‚

ãã®å¾Œ `resolve_term_args` ã§ `honi(X_2)` ã®å¼•æ•° `X_2` ã‚’è§£æ±ºã—ã‚ˆã†ã¨ã™ã‚‹ã¨ã€ã¾ãŸåŒã˜ã“ã¨ãŒ...ç„¡é™ãƒ«ãƒ¼ãƒ—ã§ã™ã€‚

è§£æ±ºç­–ï¼šå¤‰æ•°ã¯ `try_rewrite_single_with_result` ã§ãƒžãƒƒãƒãƒ³ã‚°ã‚’è©¦ã¿ãªã„ã€‚å¤‰æ•°ã¯ãã®ã¾ã¾è¿”ã™ã€‚

 read(cadhr-lang/src/term_rewrite.rs) 
Read 35 lines




 edit(cadhr-lang/src/term_rewrite.rs) 
```rust
    // å¤‰æ•°ã¯ãã®ã¾ã¾è¿”ã™ï¼ˆãƒ«ãƒ¼ãƒ«ãƒžãƒƒãƒãƒ³ã‚°ã‚’è©¦ã¿ãªã„ï¼‰
    if matches!(&term, Term::Var { .. } | Term::RangeVar { .. }) {
        return Ok(vec![term]);
    }
    
    // Number ã‚‚ãã®ã¾ã¾è¿”ã™
    if matches!(&term, Term::Number { .. }) {
        return Ok(vec![term]);
    }

```




 execute(cargo test -p cadhr-lang --lib term_rewrite 2>&1 | head -100) 
warning: profiles for the non root package will be ignored, specify profiles at the workspace root:
package:   /Users/tsukimizake/daccad/cadhr-lang/Cargo.toml
workspace: /Users/tsukimizake/daccad/Cargo.toml
   Compiling cadhr-lang v0.1.0 (/Users/tsukimizake/daccad/cadhr-lang)
warning: unused variable: `left`
  --> cadhr-lang/src/constraint.rs:40:23
   |
40 |             ArithEq { left, right } => {
   |                       ^^^^ help: try ignoring the field: `left: _`
   |
   = note: `#[warn(unused_variables)]` (part of `#[warn(unused)]`) on by default

warning: unused variable: `right`
  --> cadhr-lang/src/constraint.rs:40:29
   |
40 |             ArithEq { left, right } => {
   |                             ^^^^^ help: try ignoring the field: `right: _`

warning: associated function `extract_constraints` is never used
  --> cadhr-lang/src/constraint.rs:38:8
   |
29 | impl SolverState {
   | ---------------- associated function in this implementation
...
38 |     fn extract_constraints(eq: ArithEq) -> Vec<ArithConstraint> {
   |        ^^^^^^^^^^^^^^^^^^^
   |
   = note: `#[warn(dead_code)]` (part of `#[warn(unused)]`) on by default

warning: `cadhr-lang` (lib test) generated 3 warnings (run `cargo fix --lib -p cadhr-lang --tests` to apply 2 suggestions)
    Finished `test` profile [optimized + debuginfo] target(s) in 0.91s
     Running unittests src/lib.rs (target/debug/deps/cadhr_lang-bf096181759b23e1)

running 75 tests
test term_rewrite::tests::arith_with_user_defined_rule ... ok
test term_rewrite::tests::clause_ref_inside_rotate ... ok
test term_rewrite::tests::arith_with_chained_rules ... ok
test term_rewrite::tests::clause_ref_inside_translate ... ok
test term_rewrite::tests::clause_ref_inside_scale ... ok
test term_rewrite::tests::fail_unmatched ... ok
test term_rewrite::tests::arith_with_pipe_and_rule ... ok
test term_rewrite::tests::deep_struct_on_query ... FAILED
test term_rewrite::tests::deep_struct_on_db ... FAILED
test term_rewrite::tests::db_var_matches_constant_query ... FAILED
test term_rewrite::tests::list_empty_match ... ok
test term_rewrite::tests::grandparent_rule ... FAILED
test term_rewrite::tests::list_mismatch ... ok
test term_rewrite::tests::list_head_tail_pattern ... FAILED
test term_rewrite::tests::list_simple_match ... FAILED
test term_rewrite::tests::member_first ... FAILED
test term_rewrite::tests::list_var_binding ... FAILED
test term_rewrite::tests::multiple_usages_of_same_variable ... FAILED
test term_rewrite::tests::nested_transforms_with_clause_ref ... ok
test term_rewrite::tests::query_var_binds_to_constant_fact ... FAILED
test term_rewrite::tests::recursive_unify_nested_struct_mismatch_functor ... ok
test term_rewrite::tests::recursive_unify_multiple_args ... FAILED
test term_rewrite::tests::recursive_unify_nested_struct_match ... FAILED
test term_rewrite::tests::recursive_unify_multiple_args_one_mismatch ... ok
test term_rewrite::tests::recursive_unify_nested_struct_mismatch_inner ... ok
test term_rewrite::tests::recursive_unify_three_levels_deep_mismatch ... ok
test term_rewrite::tests::recursive_unify_query_var_binds_in_nested ... FAILED
test term_rewrite::tests::recursive_unify_var_in_nested_struct ... FAILED
test term_rewrite::tests::rule_mixed_with_facts ... ignored
test term_rewrite::tests::rule_multiple_goals ... ignored
test term_rewrite::tests::rule_multiple_goals_with_var ... ignored
test term_rewrite::tests::rule_shared_variable_propagation ... ignored
test term_rewrite::tests::resolved_goals_returned ... FAILED
test term_rewrite::tests::rule_fails_no_matching_fact ... ok
test term_rewrite::tests::rule_shared_variable_in_body ... FAILED
test term_rewrite::tests::rule_fails_second_subgoal ... ok
test term_rewrite::tests::recursive_unify_var_at_deep_level ... FAILED
test term_rewrite::tests::recursive_unify_three_levels_deep ... FAILED
test term_rewrite::tests::rule_head_with_struct ... FAILED
test term_rewrite::tests::rule_head_with_struct_var_query ... FAILED
test term_rewrite::tests::simple_atom_match ... ok
test term_rewrite::tests::test_arith_both_sides_expr ... ok
test term_rewrite::tests::test_arith_compound_expr ... ok
test term_rewrite::tests::test_arith_expr_before_var ... ok
test term_rewrite::tests::test_arith_in_rule ... ok
test term_rewrite::tests::sample_rule ... FAILED
test term_rewrite::tests::rule_single_goal ... FAILED
test term_rewrite::tests::test_arith_simple_add ... ok
test term_rewrite::tests::test_arith_simple_div ... ok
test term_rewrite::tests::test_arith_nested_expr ... ok
test term_rewrite::tests::test_arith_simple_mul ... ok
test term_rewrite::tests::test_arith_simple_sub ... ok
test term_rewrite::tests::test_arith_precedence ... ok
test term_rewrite::tests::rule_chain_three_levels ... FAILED
test term_rewrite::tests::rule_fails_first_subgoal ... ok
test term_rewrite::tests::test_rangevar_intersection ... ok
test term_rewrite::tests::test_arith_multiple_vars_order ... ok
test term_rewrite::tests::rule_chain_two_levels ... FAILED
test term_rewrite::tests::rule_chain_with_var_binding ... FAILED
test term_rewrite::tests::test_rangevar_intersection_empty ... ok
test term_rewrite::tests::test_rangevar_intersection_inclusive_exclusive ... ok
test term_rewrite::tests::test_rangevar_number_boundary_exclusive ... ok
test term_rewrite::tests::test_rangevar_number_boundary_inclusive ... ok
test term_rewrite::tests::test_arith_with_var ... ok
test term_rewrite::tests::test_rangevar_number_in_range ... ok
test term_rewrite::tests::test_rangevar_number_out_of_range ... ok
open terminal failed: not a terminal
open terminal failed: not a terminal


ã‚¹ã‚¿ãƒƒã‚¯ã‚ªãƒ¼ãƒãƒ¼ãƒ•ãƒ­ãƒ¼ã¯è§£æ¶ˆã•ã‚Œã¾ã—ãŸãŒã€å¤šãã®ãƒ†ã‚¹ãƒˆãŒå¤±æ•—ã—ã¦ã„ã¾ã™ã€‚å¤±æ•—ã—ã¦ã„ã‚‹ãƒ†ã‚¹ãƒˆã‚’ç¢ºèªã—ã¾ã™ã€‚

 execute(cargo test -p cadhr-lang --lib term_rewrite::tests::deep_struct_on_db 2>&1 | tail -20) 
     Running unittests src/lib.rs (target/debug/deps/cadhr_lang-bf096181759b23e1)

running 1 test
test term_rewrite::tests::deep_struct_on_db ... FAILED

failures:

---- term_rewrite::tests::deep_struct_on_db stdout ----

thread 'term_rewrite::tests::deep_struct_on_db' (2116269) panicked at cadhr-lang/src/term_rewrite.rs:840:44:
Expected success: RewriteError { message: "no clause matches goal", goal: b(c) }
note: run with `RUST_BACKTRACE=1` environment variable to display a backtrace


failures:
    term_rewrite::tests::deep_struct_on_db

test result: FAILED. 0 passed; 1 failed; 0 ignored; 0 measured; 122 filtered out; finished in 0.00s

error: test failed, to rerun pass `-p cadhr-lang --lib`
open terminal failed: not a terminal
open terminal failed: not a terminal


`b(c)` ãŒãƒžãƒƒãƒã—ãªã„ã¨ã„ã†ã‚¨ãƒ©ãƒ¼ã§ã™ã€‚ã“ã‚Œã¯ `a(b(c)).` ã¨ã„ã† fact ã®å¼•æ•° `b(c)` ã‚’è§£æ±ºã—ã‚ˆã†ã¨ã—ã¦ã€`b(c)` ã«ãƒžãƒƒãƒã™ã‚‹ãƒ«ãƒ¼ãƒ«ãŒãªã„ãŸã‚ã‚¨ãƒ©ãƒ¼ã«ãªã£ã¦ã„ã¾ã™ã€‚

å•é¡Œã¯ã€`resolve_term_args` ãŒå¼•æ•°ã‚’ `rewrite_term_recursive` ã§è§£æ±ºã—ã‚ˆã†ã¨ã—ã¾ã™ãŒã€ãƒ¦ãƒ¼ã‚¶ãƒ¼å®šç¾©ã® fact ã®å¼•æ•°ï¼ˆ`b(c)` ãªã©ï¼‰ã¯ãƒ«ãƒ¼ãƒ«ã§ã¯ãªãã€å˜ãªã‚‹ãƒ‡ãƒ¼ã‚¿ã§ã™ã€‚

CAD è¨€èªžã®æ–‡è„ˆã§ã¯ã€`cube(40,90,50)` ã®å¼•æ•° `40`, `90`, `50` ã¯ Number ãªã®ã§ãã®ã¾ã¾è¿”ã•ã‚Œã¾ã™ã€‚ã—ã‹ã— `rotate(cub, 0, 30, 0)` ã®å¼•æ•° `cub` ã¯ Struct ãªã®ã§ã€è§£æ±ºã‚’è©¦ã¿ã‚‹å¿…è¦ãŒã‚ã‚Šã¾ã™ã€‚

ä¸€æ–¹ã€ä¸€èˆ¬çš„ãª Prolog ã®ãƒ†ã‚¹ãƒˆã§ã¯ `a(b(c)).` ã®ã‚ˆã†ãª fact ãŒã‚ã‚Šã€`b(c)` ã¯è§£æ±ºã•ã‚Œã‚‹ã¹ãã§ã¯ã‚ã‚Šã¾ã›ã‚“ã€‚

ã¤ã¾ã‚Šã€`resolve_term_args` ã§å¼•æ•°ã‚’è§£æ±ºã™ã‚‹ã®ã¯ã€ãã®å¼•æ•°ãŒãƒ¦ãƒ¼ã‚¶ãƒ¼å®šç¾©ã®ãƒ«ãƒ¼ãƒ«ã«ãƒžãƒƒãƒã™ã‚‹å ´åˆã ã‘ã«ã™ã¹ãã§ã™ã€‚ãƒžãƒƒãƒã—ãªã„å ´åˆã¯ãã®ã¾ã¾è¿”ã™ã€‚

ã“ã‚Œã¯ã€æœ€åˆã®è¨­è¨ˆã«æˆ»ã‚‹ã“ã¨ã«ãªã‚Šã¾ã™ï¼šã€Œãƒ«ãƒ¼ãƒ«ã«ãƒžãƒƒãƒã—ãªã‘ã‚Œã°ãã®ã¾ã¾è¿”ã™ã€ã€‚

ãŸã ã—ã€ã“ã‚Œã ã¨ `f(a(b)).` ã«å¯¾ã—ã¦ `f(a(c)).` ãŒã‚¨ãƒ©ãƒ¼ã«ãªã‚‰ãªã„å•é¡ŒãŒå†ç™ºã—ã¾ã™ã€‚

æ ¹æœ¬çš„ã«ã€2ã¤ã®ç•°ãªã‚‹ã‚»ãƒžãƒ³ãƒ†ã‚£ã‚¯ã‚¹ãŒã‚ã‚Šã¾ã™ï¼š
1. **Prolog çš„**: ã‚¯ã‚¨ãƒªã®å…¨ã¦ã®é …ãŒ DB ã«ãƒžãƒƒãƒã—ãªã‘ã‚Œã°å¤±æ•—
2. **CAD è¨€èªžçš„**: ãƒžãƒƒãƒã—ãªã„é …ã¯ãƒªãƒ†ãƒ©ãƒ«ã¨ã—ã¦æ‰±ã„ã€manifold_bridge ã§æ¤œè¨¼

ç¾åœ¨ã®ãƒ†ã‚¹ãƒˆã¯ Prolog çš„ã‚»ãƒžãƒ³ãƒ†ã‚£ã‚¯ã‚¹ã‚’æœŸå¾…ã—ã¦ã„ã¾ã™ãŒã€CAD è¨€èªžã«ã¯ CAD è¨€èªžçš„ã‚»ãƒžãƒ³ãƒ†ã‚£ã‚¯ã‚¹ãŒå¿…è¦ã§ã™ã€‚

è§£æ±ºç­–ã¨ã—ã¦ã€builtin fact ã‚’ä½¿ã†ã‚¢ãƒ—ãƒ­ãƒ¼ãƒã‚’ç¶™ç¶šã—ã¤ã¤ã€`resolve_term_args` ã§ã¯ãªãã€fact ã«ãƒžãƒƒãƒã—ãŸå ´åˆã¯ãã®ã¾ã¾è¿”ã™ï¼ˆå¼•æ•°ã‚’å†è§£æ±ºã—ãªã„ï¼‰ã‚ˆã†ã«ã—ã¾ã™ã€‚ãŸã ã—ã€ã“ã®å ´åˆ `rotate(cub, 0, 30, 0)` ã® `cub` ã¯è§£æ±ºã•ã‚Œã¾ã›ã‚“ã€‚

åˆ¥ã®ã‚¢ãƒ—ãƒ­ãƒ¼ãƒï¼šbuiltin fact ã«ãƒžãƒƒãƒã—ãŸå ´åˆã®ã¿å¼•æ•°ã‚’å†è§£æ±ºã™ã‚‹ã€‚

 read(cadhr-lang/src/term_rewrite.rs) 
Read 25 lines


ç°¡å˜ãªè§£æ±ºç­–ï¼šfact ã«ãƒžãƒƒãƒã—ãŸå ´åˆã€å¼•æ•°ã®å†è§£æ±ºã¯ã›ãšã«ãã®ã¾ã¾è¿”ã™ã€‚ä»£ã‚ã‚Šã«ã€builtin fact ã¯**æœ€å¾Œã«**ãƒã‚§ãƒƒã‚¯ã™ã‚‹ã®ã§ã¯ãªãã€**ãƒ¦ãƒ¼ã‚¶ãƒ¼å®šç¾©ã®ãƒ«ãƒ¼ãƒ«ã‚’ã™ã¹ã¦ãƒã‚§ãƒƒã‚¯ã—ãŸå¾Œ**ã«ã®ã¿ builtin fact ã«ãƒ•ã‚©ãƒ¼ãƒ«ãƒãƒƒã‚¯ã™ã‚‹ã€‚

ã„ã‚„ã€ã‚‚ã£ã¨ã‚·ãƒ³ãƒ—ãƒ«ã«è€ƒãˆã‚‹ã¨ï¼š

1. `cub :- cube(40,90,50).` ãŒã‚ã‚‹
2. `rotate(cub, 0, 30, 0)` ã‚’è§£æ±ºã—ãŸã„
3. `rotate(E, X, Y, Z)` ã«ãƒžãƒƒãƒã™ã‚‹
4. `E=cub` ã¨ãªã‚‹
5. `E` (=`cub`) ã‚’è§£æ±ºã™ã‚‹å¿…è¦ãŒã‚ã‚‹
6. `cub` ã¯ `cub :- cube(40,90,50).` ã«ãƒžãƒƒãƒ
7. body ã® `cube(40,90,50)` ã‚’è§£æ±º
8. `cube(X,Y,Z)` ã«ãƒžãƒƒãƒ
9. çµæžœã¯ `cube(40,90,50)`

ãƒã‚¤ãƒ³ãƒˆã¯ã€fact ã«ãƒžãƒƒãƒã—ãŸã¨ãã¯**ãã®ã¾ã¾è¿”ã™**ï¼ˆå¼•æ•°ã®å†è§£æ±ºãªã—ï¼‰ãŒã€**Rule ã«ãƒžãƒƒãƒã—ãŸã¨ãã¯ body ã‚’è§£æ±º**ã—ã€ãã®çµæžœã‚’è¿”ã™ã€‚

ä»Šã®å®Ÿè£…ã§ã¯ fact ã«ãƒžãƒƒãƒã—ãŸã¨ãã‚‚ `resolve_term_args` ã§å¼•æ•°ã‚’å†è§£æ±ºã—ã¦ã„ã¾ã™ãŒã€ã“ã‚ŒãŒå•é¡Œã§ã™ã€‚

 edit(cadhr-lang/src/term_rewrite.rs) 
```rust
            // Factã«ãƒžãƒƒãƒ: resolved_term ã®å¼•æ•°ã‚‚å†å¸°çš„ã«è§£æ±ºã™ã‚‹
            let final_term = resolve_term_args(db, clause_counter, resolved_term, other_goals)?;
            return Ok(vec![final_term]);
            // Factã«ãƒžãƒƒãƒ: ç½®æ›é©ç”¨æ¸ˆã¿ã®é …ã‚’è¿”ã™
            return Ok(vec![resolved_term]);
```




### âŒ Agent finished with error: {
  code = -32603,
  message = "Internal error: You've hit your limit Â· resets Feb 15, 6pm (Asia/Tokyo)"
}

### ðŸ 2026-02-13 22:20:12
-----


